<!DOCTYPE html PUBLIC "-//W3C//DTD XHTML 1.1//EN" "http://www.w3.org/TR/xhtml11/DTD/xhtml11.dtd">
<html xmlns="http://www.w3.org/1999/xhtml">
<head>
<meta http-equiv="content-type" content="text/html; charset=UTF-8"/>
<title>TestNG Report</title>
<style type="text/css">table {margin-bottom:10px;border-collapse:collapse;empty-cells:show}th,td {border:1px solid #009;padding:.25em .5em}th {vertical-align:bottom}td {vertical-align:top}table a {font-weight:bold}.stripe td {background-color: #E6EBF9}.num {text-align:right}.passedodd td {background-color: #3F3}.passedeven td {background-color: #0A0}.skippedodd td {background-color: #DDD}.skippedeven td {background-color: #CCC}.failedodd td,.attn {background-color: #F33}.failedeven td,.stripe .attn {background-color: #D00}.stacktrace {white-space:pre;font-family:monospace}.totop {font-size:85%;text-align:center;border-bottom:2px solid #000}.invisible {display:none}</style>
</head>
<body>
<table>
<tr><th>Test</th><th># Passed</th><th># Skipped</th><th># Failed</th><th>Time (ms)</th><th>Included Groups</th><th>Excluded Groups</th></tr>
<tr><th colspan="7">Command line suite</th></tr>
<tr><td><a href="#t0">Command line test</a></td><td class="num">0</td><td class="num attn">13</td><td class="num attn">3</td><td class="num">32</td><td></td><td></td></tr>
</table>
<table id='summary'><thead><tr><th>Class</th><th>Method</th><th>Start</th><th>Time (ms)</th></tr></thead><tbody><tr><th colspan="4">Command line suite</th></tr></tbody><tbody id="t0"><tr><th colspan="4">Command line test &#8212; failed (configuration methods)</th></tr><tr class="failedeven"><td rowspan="1">com.tuttur.test.ForgotPassTest</td><td><a href="#m0">tearDown</a></td><td rowspan="1">1608579797472</td><td rowspan="1">1</td></tr><tr class="failedodd"><td rowspan="1">com.tuttur.test.LoginTest</td><td><a href="#m1">tearDown</a></td><td rowspan="1">1608579797462</td><td rowspan="1">0</td></tr><tr class="failedeven"><td rowspan="1">com.tuttur.test.RegisterTest</td><td><a href="#m2">tearDown</a></td><td rowspan="1">1608579797470</td><td rowspan="1">0</td></tr><tr><th colspan="4">Command line test &#8212; failed</th></tr><tr class="failedeven"><td rowspan="1">com.tuttur.test.ForgotPassTest</td><td><a href="#m3">forgotPassword</a></td><td rowspan="1">1608579797472</td><td rowspan="1">0</td></tr><tr class="failedodd"><td rowspan="1">com.tuttur.test.LoginTest</td><td><a href="#m4">failLoginWithAccountNo</a></td><td rowspan="1">1608579797454</td><td rowspan="1">5</td></tr><tr class="failedeven"><td rowspan="1">com.tuttur.test.RegisterTest</td><td><a href="#m5">fieldRuleCheck</a></td><td rowspan="1">1608579797469</td><td rowspan="1">0</td></tr><tr><th colspan="4">Command line test &#8212; skipped (configuration methods)</th></tr><tr class="skippedeven"><td rowspan="10">com.tuttur.test.LoginTest</td><td><a href="#m6">tearDown</a></td><td rowspan="10">1608579797468</td><td rowspan="10">0</td></tr><tr class="skippedeven"><td><a href="#m7">tearDown</a></td></tr><tr class="skippedeven"><td><a href="#m8">tearDown</a></td></tr><tr class="skippedeven"><td><a href="#m9">tearDown</a></td></tr><tr class="skippedeven"><td><a href="#m10">tearDown</a></td></tr><tr class="skippedeven"><td><a href="#m11">tearDown</a></td></tr><tr class="skippedeven"><td><a href="#m12">tearDown</a></td></tr><tr class="skippedeven"><td><a href="#m13">tearDown</a></td></tr><tr class="skippedeven"><td><a href="#m14">tearDown</a></td></tr><tr class="skippedeven"><td><a href="#m15">tearDown</a></td></tr><tr class="skippedodd"><td rowspan="3">com.tuttur.test.RegisterTest</td><td><a href="#m16">tearDown</a></td><td rowspan="3">1608579797472</td><td rowspan="3">0</td></tr><tr class="skippedodd"><td><a href="#m17">tearDown</a></td></tr><tr class="skippedodd"><td><a href="#m18">tearDown</a></td></tr><tr><th colspan="4">Command line test &#8212; skipped</th></tr><tr class="skippedeven"><td rowspan="10">com.tuttur.test.LoginTest</td><td><a href="#m19">failLoginWithEmail</a></td><td rowspan="1">1608579797464</td><td rowspan="1">0</td></tr><tr class="skippedeven"><td><a href="#m20">failLoginWithPassword</a></td><td rowspan="1">1608579797465</td><td rowspan="1">0</td></tr><tr class="skippedeven"><td><a href="#m21">failLoginWithPhoneNumber</a></td><td rowspan="1">1608579797465</td><td rowspan="1">0</td></tr><tr class="skippedeven"><td><a href="#m22">failLoginWithSsn</a></td><td rowspan="1">1608579797465</td><td rowspan="1">0</td></tr><tr class="skippedeven"><td><a href="#m23">failLoginWithUsername</a></td><td rowspan="1">1608579797466</td><td rowspan="1">0</td></tr><tr class="skippedeven"><td><a href="#m24">loginInputMaxValueControl</a></td><td rowspan="1">1608579797466</td><td rowspan="1">0</td></tr><tr class="skippedeven"><td><a href="#m25">loginWithMissingInfo</a></td><td rowspan="1">1608579797466</td><td rowspan="1">0</td></tr><tr class="skippedeven"><td><a href="#m26">successfulllyLoginWithIdentityNo</a></td><td rowspan="1">1608579797467</td><td rowspan="1">0</td></tr><tr class="skippedeven"><td><a href="#m27">successfullyLoginWithAccountNo</a></td><td rowspan="1">1608579797467</td><td rowspan="1">0</td></tr><tr class="skippedeven"><td><a href="#m28">successfullyLoginWithUserName</a></td><td rowspan="1">1608579797468</td><td rowspan="1">0</td></tr><tr class="skippedodd"><td rowspan="3">com.tuttur.test.RegisterTest</td><td><a href="#m29">registerWithInvalidData</a></td><td rowspan="1">1608579797471</td><td rowspan="1">0</td></tr><tr class="skippedodd"><td><a href="#m30">registerWithUseFunctionality</a></td><td rowspan="1">1608579797471</td><td rowspan="1">0</td></tr><tr class="skippedodd"><td><a href="#m31">successFullyRegisterTest</a></td><td rowspan="1">1608579797471</td><td rowspan="1">0</td></tr></tbody>
</table>
<h2>Command line test</h2><h3 id="m0">com.tuttur.test.ForgotPassTest#tearDown</h3><table class="result"><tr><th>Exception</th></tr><tr><td><div class="stacktrace">java.lang.NullPointerException: Cannot invoke &quot;org.openqa.selenium.WebDriver.quit()&quot; because &quot;this.driver&quot; is null
	at com.tuttur.base.BaseTest.tearDown(BaseTest.java:84)
... Removed 38 stack frames</div></td></tr></table><p class="totop"><a href="#summary">back to summary</a></p>
<h3 id="m1">com.tuttur.test.LoginTest#tearDown</h3><table class="result"><tr><th>Exception</th></tr><tr><td><div class="stacktrace">java.lang.NullPointerException: Cannot invoke &quot;org.openqa.selenium.WebDriver.quit()&quot; because &quot;this.driver&quot; is null
	at com.tuttur.base.BaseTest.tearDown(BaseTest.java:84)
... Removed 38 stack frames</div></td></tr></table><p class="totop"><a href="#summary">back to summary</a></p>
<h3 id="m2">com.tuttur.test.RegisterTest#tearDown</h3><table class="result"><tr><th>Exception</th></tr><tr><td><div class="stacktrace">java.lang.NullPointerException: Cannot invoke &quot;org.openqa.selenium.WebDriver.quit()&quot; because &quot;this.driver&quot; is null
	at com.tuttur.base.BaseTest.tearDown(BaseTest.java:84)
... Removed 38 stack frames</div></td></tr></table><p class="totop"><a href="#summary">back to summary</a></p>
<h3 id="m3">com.tuttur.test.ForgotPassTest#forgotPassword</h3><table class="result"><tr><th>Exception</th></tr><tr><td><div class="stacktrace">java.lang.NullPointerException: Cannot invoke &quot;org.openqa.selenium.WebDriver.findElement(org.openqa.selenium.By)&quot; because &quot;this.driver&quot; is null
	at com.tuttur.util.BasePageUtil.clickObjectBy(BasePageUtil.java:137)
	at com.tuttur.page.MainPage.getLoginPage(MainPage.java:39)
	at com.tuttur.test.ForgotPassTest.forgotPassword(ForgotPassTest.java:22)
... Removed 35 stack frames</div></td></tr></table><p class="totop"><a href="#summary">back to summary</a></p>
<h3 id="m4">com.tuttur.test.LoginTest#failLoginWithAccountNo</h3><table class="result"><tr><th>Exception</th></tr><tr><td><div class="stacktrace">java.lang.NullPointerException: Cannot invoke &quot;org.openqa.selenium.WebDriver.findElement(org.openqa.selenium.By)&quot; because &quot;this.driver&quot; is null
	at com.tuttur.util.BasePageUtil.clickObjectBy(BasePageUtil.java:137)
	at com.tuttur.page.MainPage.getLoginPage(MainPage.java:39)
	at com.tuttur.test.LoginTest.failLoginWithAccountNo(LoginTest.java:77)
... Removed 35 stack frames</div></td></tr></table><p class="totop"><a href="#summary">back to summary</a></p>
<h3 id="m5">com.tuttur.test.RegisterTest#fieldRuleCheck</h3><table class="result"><tr><th>Exception</th></tr><tr><td><div class="stacktrace">java.lang.NullPointerException: Cannot invoke &quot;org.openqa.selenium.WebDriver.findElement(org.openqa.selenium.By)&quot; because &quot;this.driver&quot; is null
	at com.tuttur.util.BasePageUtil.clickObjectBy(BasePageUtil.java:137)
	at com.tuttur.page.MainPage.getRegisterPageNotUpdate(MainPage.java:56)
	at com.tuttur.test.RegisterTest.fieldRuleCheck(RegisterTest.java:77)
... Removed 35 stack frames</div></td></tr></table><p class="totop"><a href="#summary">back to summary</a></p>
<h3 id="m6">com.tuttur.test.LoginTest#tearDown</h3><table class="result"><tr><th class="invisible"/></tr></table><p class="totop"><a href="#summary">back to summary</a></p>
<h3 id="m7">com.tuttur.test.LoginTest#tearDown</h3><table class="result"><tr><th class="invisible"/></tr></table><p class="totop"><a href="#summary">back to summary</a></p>
<h3 id="m8">com.tuttur.test.LoginTest#tearDown</h3><table class="result"><tr><th class="invisible"/></tr></table><p class="totop"><a href="#summary">back to summary</a></p>
<h3 id="m9">com.tuttur.test.LoginTest#tearDown</h3><table class="result"><tr><th class="invisible"/></tr></table><p class="totop"><a href="#summary">back to summary</a></p>
<h3 id="m10">com.tuttur.test.LoginTest#tearDown</h3><table class="result"><tr><th class="invisible"/></tr></table><p class="totop"><a href="#summary">back to summary</a></p>
<h3 id="m11">com.tuttur.test.LoginTest#tearDown</h3><table class="result"><tr><th class="invisible"/></tr></table><p class="totop"><a href="#summary">back to summary</a></p>
<h3 id="m12">com.tuttur.test.LoginTest#tearDown</h3><table class="result"><tr><th class="invisible"/></tr></table><p class="totop"><a href="#summary">back to summary</a></p>
<h3 id="m13">com.tuttur.test.LoginTest#tearDown</h3><table class="result"><tr><th class="invisible"/></tr></table><p class="totop"><a href="#summary">back to summary</a></p>
<h3 id="m14">com.tuttur.test.LoginTest#tearDown</h3><table class="result"><tr><th class="invisible"/></tr></table><p class="totop"><a href="#summary">back to summary</a></p>
<h3 id="m15">com.tuttur.test.LoginTest#tearDown</h3><table class="result"><tr><th class="invisible"/></tr></table><p class="totop"><a href="#summary">back to summary</a></p>
<h3 id="m16">com.tuttur.test.RegisterTest#tearDown</h3><table class="result"><tr><th class="invisible"/></tr></table><p class="totop"><a href="#summary">back to summary</a></p>
<h3 id="m17">com.tuttur.test.RegisterTest#tearDown</h3><table class="result"><tr><th class="invisible"/></tr></table><p class="totop"><a href="#summary">back to summary</a></p>
<h3 id="m18">com.tuttur.test.RegisterTest#tearDown</h3><table class="result"><tr><th class="invisible"/></tr></table><p class="totop"><a href="#summary">back to summary</a></p>
<h3 id="m19">com.tuttur.test.LoginTest#failLoginWithEmail</h3><table class="result"><tr><th>Exception</th></tr><tr><td><div class="stacktrace">java.lang.NullPointerException: Cannot invoke &quot;org.openqa.selenium.WebDriver.quit()&quot; because &quot;this.driver&quot; is null
	at com.tuttur.base.BaseTest.tearDown(BaseTest.java:84)
... Removed 38 stack frames</div></td></tr></table><p class="totop"><a href="#summary">back to summary</a></p>
<h3 id="m20">com.tuttur.test.LoginTest#failLoginWithPassword</h3><table class="result"><tr><th>Exception</th></tr><tr><td><div class="stacktrace">java.lang.NullPointerException: Cannot invoke &quot;org.openqa.selenium.WebDriver.quit()&quot; because &quot;this.driver&quot; is null
	at com.tuttur.base.BaseTest.tearDown(BaseTest.java:84)
... Removed 38 stack frames</div></td></tr></table><p class="totop"><a href="#summary">back to summary</a></p>
<h3 id="m21">com.tuttur.test.LoginTest#failLoginWithPhoneNumber</h3><table class="result"><tr><th>Exception</th></tr><tr><td><div class="stacktrace">java.lang.NullPointerException: Cannot invoke &quot;org.openqa.selenium.WebDriver.quit()&quot; because &quot;this.driver&quot; is null
	at com.tuttur.base.BaseTest.tearDown(BaseTest.java:84)
... Removed 38 stack frames</div></td></tr></table><p class="totop"><a href="#summary">back to summary</a></p>
<h3 id="m22">com.tuttur.test.LoginTest#failLoginWithSsn</h3><table class="result"><tr><th>Exception</th></tr><tr><td><div class="stacktrace">java.lang.NullPointerException: Cannot invoke &quot;org.openqa.selenium.WebDriver.quit()&quot; because &quot;this.driver&quot; is null
	at com.tuttur.base.BaseTest.tearDown(BaseTest.java:84)
... Removed 38 stack frames</div></td></tr></table><p class="totop"><a href="#summary">back to summary</a></p>
<h3 id="m23">com.tuttur.test.LoginTest#failLoginWithUsername</h3><table class="result"><tr><th>Exception</th></tr><tr><td><div class="stacktrace">java.lang.NullPointerException: Cannot invoke &quot;org.openqa.selenium.WebDriver.quit()&quot; because &quot;this.driver&quot; is null
	at com.tuttur.base.BaseTest.tearDown(BaseTest.java:84)
... Removed 38 stack frames</div></td></tr></table><p class="totop"><a href="#summary">back to summary</a></p>
<h3 id="m24">com.tuttur.test.LoginTest#loginInputMaxValueControl</h3><table class="result"><tr><th>Exception</th></tr><tr><td><div class="stacktrace">java.lang.NullPointerException: Cannot invoke &quot;org.openqa.selenium.WebDriver.quit()&quot; because &quot;this.driver&quot; is null
	at com.tuttur.base.BaseTest.tearDown(BaseTest.java:84)
... Removed 38 stack frames</div></td></tr></table><p class="totop"><a href="#summary">back to summary</a></p>
<h3 id="m25">com.tuttur.test.LoginTest#loginWithMissingInfo</h3><table class="result"><tr><th>Exception</th></tr><tr><td><div class="stacktrace">java.lang.NullPointerException: Cannot invoke &quot;org.openqa.selenium.WebDriver.quit()&quot; because &quot;this.driver&quot; is null
	at com.tuttur.base.BaseTest.tearDown(BaseTest.java:84)
... Removed 38 stack frames</div></td></tr></table><p class="totop"><a href="#summary">back to summary</a></p>
<h3 id="m26">com.tuttur.test.LoginTest#successfulllyLoginWithIdentityNo</h3><table class="result"><tr><th>Exception</th></tr><tr><td><div class="stacktrace">java.lang.NullPointerException: Cannot invoke &quot;org.openqa.selenium.WebDriver.quit()&quot; because &quot;this.driver&quot; is null
	at com.tuttur.base.BaseTest.tearDown(BaseTest.java:84)
... Removed 38 stack frames</div></td></tr></table><p class="totop"><a href="#summary">back to summary</a></p>
<h3 id="m27">com.tuttur.test.LoginTest#successfullyLoginWithAccountNo</h3><table class="result"><tr><th>Exception</th></tr><tr><td><div class="stacktrace">java.lang.NullPointerException: Cannot invoke &quot;org.openqa.selenium.WebDriver.quit()&quot; because &quot;this.driver&quot; is null
	at com.tuttur.base.BaseTest.tearDown(BaseTest.java:84)
... Removed 38 stack frames</div></td></tr></table><p class="totop"><a href="#summary">back to summary</a></p>
<h3 id="m28">com.tuttur.test.LoginTest#successfullyLoginWithUserName</h3><table class="result"><tr><th>Exception</th></tr><tr><td><div class="stacktrace">java.lang.NullPointerException: Cannot invoke &quot;org.openqa.selenium.WebDriver.quit()&quot; because &quot;this.driver&quot; is null
	at com.tuttur.base.BaseTest.tearDown(BaseTest.java:84)
... Removed 38 stack frames</div></td></tr></table><p class="totop"><a href="#summary">back to summary</a></p>
<h3 id="m29">com.tuttur.test.RegisterTest#registerWithInvalidData</h3><table class="result"><tr><th>Exception</th></tr><tr><td><div class="stacktrace">java.lang.NullPointerException: Cannot invoke &quot;org.openqa.selenium.WebDriver.quit()&quot; because &quot;this.driver&quot; is null
	at com.tuttur.base.BaseTest.tearDown(BaseTest.java:84)
... Removed 38 stack frames</div></td></tr></table><p class="totop"><a href="#summary">back to summary</a></p>
<h3 id="m30">com.tuttur.test.RegisterTest#registerWithUseFunctionality</h3><table class="result"><tr><th>Exception</th></tr><tr><td><div class="stacktrace">java.lang.NullPointerException: Cannot invoke &quot;org.openqa.selenium.WebDriver.quit()&quot; because &quot;this.driver&quot; is null
	at com.tuttur.base.BaseTest.tearDown(BaseTest.java:84)
... Removed 38 stack frames</div></td></tr></table><p class="totop"><a href="#summary">back to summary</a></p>
<h3 id="m31">com.tuttur.test.RegisterTest#successFullyRegisterTest</h3><table class="result"><tr><th>Exception</th></tr><tr><td><div class="stacktrace">java.lang.NullPointerException: Cannot invoke &quot;org.openqa.selenium.WebDriver.quit()&quot; because &quot;this.driver&quot; is null
	at com.tuttur.base.BaseTest.tearDown(BaseTest.java:84)
... Removed 38 stack frames</div></td></tr></table><p class="totop"><a href="#summary">back to summary</a></p>
</body>
</html>
