<!DOCTYPE html PUBLIC "-//W3C//DTD XHTML 1.0 Transitional//EN" "http://www.w3.org/TR/xhtml1/DTD/xhtml1-transitional.dtd">
<!-- Generated by Apache Maven Doxia Site Renderer 1.8.1 from org.apache.maven.plugins:maven-surefire-report-plugin:2.22.0:report at 2021-09-02 -->
<html xmlns="http://www.w3.org/1999/xhtml" xml:lang="en" lang="en">
  <head>
    <meta http-equiv="Content-Type" content="text/html; charset=UTF-8" />
    <title>webautomation &#x2013; Surefire Report</title>
    <style type="text/css" media="all">
      @import url("./css/maven-base.css");
      @import url("./css/maven-theme.css");
      @import url("./css/site.css");
    </style>
    <link rel="stylesheet" href="./css/print.css" type="text/css" media="print" />
    <meta http-equiv="Content-Language" content="en" />

  </head>
  <body class="composite">
    <div id="banner">
<div id="bannerLeft">
webautomation
</div>
      <div class="clear">
        <hr/>
      </div>
    </div>
    <div id="breadcrumbs">
      <div class="xleft">
        <span id="publishDate">Last Published: 2021-09-02</span>
          &nbsp;| <span id="projectVersion">Version: 1.0-SNAPSHOT</span>
      </div>
      <div class="xright"><a href="${project.url}" title="webautomation">webautomation</a>      </div>
      <div class="clear">
        <hr/>
      </div>
    </div>
    <div id="leftColumn">
      <div id="navcolumn">
       <h5>Project Documentation</h5>
    <ul>
     <li class="collapsed"><a href="project-info.html" title="Project Information">Project Information</a></li>
     <li class="expanded"><a href="project-reports.html" title="Project Reports">Project Reports</a>
      <ul>
       <li class="none"><strong>Surefire Report</strong></li>
      </ul></li>
    </ul>
      <a href="http://maven.apache.org/" title="Built by Maven" class="poweredBy">
        <img class="poweredBy" alt="Built by Maven" src="./images/logos/maven-feather.png" />
      </a>
      </div>
    </div>
    <div id="bodyColumn">
      <div id="contentBox">
<script type="text/javascript">
//<![CDATA[
function toggleDisplay(elementId) {
 var elm = document.getElementById(elementId + '-error');
 if (elm == null) {
  elm = document.getElementById(elementId + '-failure');
 }
 if (elm && typeof elm.style != "undefined") {
  if (elm.style.display == "none") {
   elm.style.display = "";
   document.getElementById(elementId + '-off').style.display = "none";
   document.getElementById(elementId + '-on').style.display = "inline";
  } else if (elm.style.display == "") {   elm.style.display = "none";
   document.getElementById(elementId + '-off').style.display = "inline";
   document.getElementById(elementId + '-on').style.display = "none";
  }
 }
 }
//]]>
</script>
<div class="section">
<h2><a name="Surefire_Report"></a>Surefire Report</h2></div>
<div class="section">
<h2><a name="Summary"></a>Summary</h2><a name="Summary"></a>
<p>[<a href="#Summary">Summary</a>] [<a href="#Package_List">Package List</a>] [<a href="#Test_Cases">Test Cases</a>]</p><br />
<table border="1" class="bodyTable">
<tr class="a">
<th>Tests</th>
<th>Errors</th>
<th>Failures</th>
<th>Skipped</th>
<th>Success Rate</th>
<th>Time</th></tr>
<tr class="b">
<td>44</td>
<td>6</td>
<td>4</td>
<td>0</td>
<td>77.273%</td>
<td>1,710.872</td></tr></table><br />
<p>Note: failures are anticipated and checked for with assertions while errors are unanticipated.</p><br /></div>
<div class="section">
<h2><a name="Package_List"></a>Package List</h2><a name="Package_List"></a>
<p>[<a href="#Summary">Summary</a>] [<a href="#Package_List">Package List</a>] [<a href="#Test_Cases">Test Cases</a>]</p><br />
<table border="1" class="bodyTable">
<tr class="a">
<th>Package</th>
<th>Tests</th>
<th>Errors</th>
<th>Failures</th>
<th>Skipped</th>
<th>Success Rate</th>
<th>Time</th></tr>
<tr class="b">
<td><a href="#com.tuttur.test">com.tuttur.test</a></td>
<td>44</td>
<td>6</td>
<td>4</td>
<td>0</td>
<td>77.273%</td>
<td>1,710.872</td></tr></table><br />
<p>Note: package statistics are not computed recursively, they only sum up all of its testsuites numbers.</p>
<div class="section">
<h3><a name="com.tuttur.test"></a>com.tuttur.test</h3><a name="com.tuttur.test"></a>
<table border="1" class="bodyTable">
<tr class="a">
<th></th>
<th>Class</th>
<th>Tests</th>
<th>Errors</th>
<th>Failures</th>
<th>Skipped</th>
<th>Success Rate</th>
<th>Time</th></tr>
<tr class="b">
<td><a href="#com.tuttur.test.RegisterTest"><img src="images/icon_error_sml.gif" alt="" /></a></td>
<td><a href="#com.tuttur.test.RegisterTest">RegisterTest</a></td>
<td>10</td>
<td>2</td>
<td>0</td>
<td>0</td>
<td>80%</td>
<td>335.595</td></tr>
<tr class="a">
<td><a href="#com.tuttur.test.LoginTest"><img src="images/icon_error_sml.gif" alt="" /></a></td>
<td><a href="#com.tuttur.test.LoginTest">LoginTest</a></td>
<td>14</td>
<td>1</td>
<td>1</td>
<td>0</td>
<td>85.714%</td>
<td>266.756</td></tr>
<tr class="b">
<td><a href="#com.tuttur.test.NavigationTest"><img src="images/icon_error_sml.gif" alt="" /></a></td>
<td><a href="#com.tuttur.test.NavigationTest">NavigationTest</a></td>
<td>4</td>
<td>1</td>
<td>3</td>
<td>0</td>
<td>0%</td>
<td>294.965</td></tr>
<tr class="a">
<td><a href="#com.tuttur.test.DashboardTest"><img src="images/icon_success_sml.gif" alt="" /></a></td>
<td><a href="#com.tuttur.test.DashboardTest">DashboardTest</a></td>
<td>4</td>
<td>0</td>
<td>0</td>
<td>0</td>
<td>100%</td>
<td>260.453</td></tr>
<tr class="b">
<td><a href="#com.tuttur.test.ForgotPassTest"><img src="images/icon_error_sml.gif" alt="" /></a></td>
<td><a href="#com.tuttur.test.ForgotPassTest">ForgotPassTest</a></td>
<td>5</td>
<td>2</td>
<td>0</td>
<td>0</td>
<td>60%</td>
<td>187.261</td></tr>
<tr class="a">
<td><a href="#com.tuttur.test.CampaignsTest"><img src="images/icon_success_sml.gif" alt="" /></a></td>
<td><a href="#com.tuttur.test.CampaignsTest">CampaignsTest</a></td>
<td>7</td>
<td>0</td>
<td>0</td>
<td>0</td>
<td>100%</td>
<td>365.842</td></tr></table></div><br /></div>
<div class="section">
<h2><a name="Test_Cases"></a>Test Cases</h2><a name="Test_Cases"></a>
<p>[<a href="#Summary">Summary</a>] [<a href="#Package_List">Package List</a>] [<a href="#Test_Cases">Test Cases</a>]</p>
<div class="section">
<h3><a name="RegisterTest"></a>RegisterTest</h3><a name="com.tuttur.test.RegisterTest"></a>
<table border="1" class="bodyTable">
<tr class="a">
<td><img src="images/icon_success_sml.gif" alt="" /></td>
<td><a name="TC_com.tuttur.test.RegisterTest.loginWithCompulsoryInput"></a>loginWithCompulsoryInput</td>
<td>25.764</td></tr>
<tr class="b">
<td><img src="images/icon_success_sml.gif" alt="" /></td>
<td><a name="TC_com.tuttur.test.RegisterTest.registerFromForgotPassWiithCurrentUser"></a>registerFromForgotPassWiithCurrentUser</td>
<td>19.712</td></tr>
<tr class="a">
<td><a href="#com.tuttur.test.RegisterTest.fieldsRuleCheck"><img src="images/icon_error_sml.gif" alt="" /></a></td>
<td><a name="TC_com.tuttur.test.RegisterTest.fieldsRuleCheck"></a><a href="#com.tuttur.test.RegisterTest.fieldsRuleCheck">fieldsRuleCheck</a>
<div class="detailToggle" style="display:inline"><a href="javascript:toggleDisplay('com.tuttur.test.RegisterTest.fieldsRuleCheck');"><span style="display:inline;" id="com.tuttur.test.RegisterTest.fieldsRuleCheck-off"> + </span><span style="display:none;" id="com.tuttur.test.RegisterTest.fieldsRuleCheck-on"> - </span>[ Detail ]</a></div></td>
<td>45.127</td></tr>
<tr class="b">
<td></td>
<td>no such element: Unable to locate element: {&quot;method&quot;:&quot;css selector&quot;,&quot;selector&quot;:&quot;.headerTop-content-registerLink.px-35&quot;}
  (Session info: headless chrome=92.0.4515.159)
  (Driver info: chromedriver=72.0.3626.7 (efcef9a3ecda02b2132af215116a03852d08b9cb),platform=Linux 5.4.0-81-generic x86_64) (WARNING: The server did not provide any stacktrace information)
Command duration or timeout: 0 milliseconds
For documentation on this error, please visit: https://www.seleniumhq.org/exceptions/no_such_element.html
Build info: version: '3.141.59', revision: 'e82be7d358', time: '2018-11-14T08:17:03'
System info: host: 'automationrunner', ip: '127.0.1.1', os.name: 'Linux', os.arch: 'amd64', os.version: '5.4.0-81-generic', java.version: '11.0.11'
Driver info: org.openqa.selenium.chrome.ChromeDriver
Capabilities {acceptInsecureCerts: false, acceptSslCerts: false, applicationCacheEnabled: false, browserConnectionEnabled: false, browserName: chrome, chrome: {chromedriverVersion: 72.0.3626.7 (efcef9a3ecda02..., userDataDir: /tmp/.com.google.Chrome.kzyGrG}, cssSelectorsEnabled: true, databaseEnabled: false, goog:chromeOptions: {debuggerAddress: localhost:40245}, handlesAlerts: true, hasTouchScreen: false, javascriptEnabled: true, locationContextEnabled: true, mobileEmulationEnabled: false, nativeEvents: true, networkConnectionEnabled: false, pageLoadStrategy: normal, platform: LINUX, platformName: LINUX, proxy: Proxy(), rotatable: false, setWindowRect: true, takesHeapSnapshot: true, takesScreenshot: true, timeouts: {implicit: 0, pageLoad: 300000, script: 30000}, unexpectedAlertBehaviour: ignore, unhandledPromptBehavior: ignore, version: 92.0.4515.159, webStorageEnabled: true}
Session ID: f08856abf6f3413b8cea56a88d0deb72
*** Element info: {Using=css selector, value=.headerTop-content-registerLink.px-35}</td>
<td></td></tr>
<tr class="a">
<td></td>
<td>
<div id="com.tuttur.test.RegisterTest.fieldsRuleCheck-error" style="display:none;">
<div>
<pre>org.openqa.selenium.NoSuchElementException:
no such element: Unable to locate element: {&quot;method&quot;:&quot;css selector&quot;,&quot;selector&quot;:&quot;.headerTop-content-registerLink.px-35&quot;}
  (Session info: headless chrome=92.0.4515.159)
  (Driver info: chromedriver=72.0.3626.7 (efcef9a3ecda02b2132af215116a03852d08b9cb),platform=Linux 5.4.0-81-generic x86_64) (WARNING: The server did not provide any stacktrace information)
Command duration or timeout: 0 milliseconds
For documentation on this error, please visit: https://www.seleniumhq.org/exceptions/no_such_element.html
Build info: version: '3.141.59', revision: 'e82be7d358', time: '2018-11-14T08:17:03'
System info: host: 'automationrunner', ip: '127.0.1.1', os.name: 'Linux', os.arch: 'amd64', os.version: '5.4.0-81-generic', java.version: '11.0.11'
Driver info: org.openqa.selenium.chrome.ChromeDriver
Capabilities {acceptInsecureCerts: false, acceptSslCerts: false, applicationCacheEnabled: false, browserConnectionEnabled: false, browserName: chrome, chrome: {chromedriverVersion: 72.0.3626.7 (efcef9a3ecda02..., userDataDir: /tmp/.com.google.Chrome.kzyGrG}, cssSelectorsEnabled: true, databaseEnabled: false, goog:chromeOptions: {debuggerAddress: localhost:40245}, handlesAlerts: true, hasTouchScreen: false, javascriptEnabled: true, locationContextEnabled: true, mobileEmulationEnabled: false, nativeEvents: true, networkConnectionEnabled: false, pageLoadStrategy: normal, platform: LINUX, platformName: LINUX, proxy: Proxy(), rotatable: false, setWindowRect: true, takesHeapSnapshot: true, takesScreenshot: true, timeouts: {implicit: 0, pageLoad: 300000, script: 30000}, unexpectedAlertBehaviour: ignore, unhandledPromptBehavior: ignore, version: 92.0.4515.159, webStorageEnabled: true}
Session ID: f08856abf6f3413b8cea56a88d0deb72
*** Element info: {Using=css selector, value=.headerTop-content-registerLink.px-35}
	at com.tuttur.test.RegisterTest.fieldsRuleCheck(RegisterTest.java:142)</pre></div></div></td>
<td></td></tr>
<tr class="b">
<td><a href="#com.tuttur.test.RegisterTest.successfullyRegisterTest"><img src="images/icon_error_sml.gif" alt="" /></a></td>
<td><a name="TC_com.tuttur.test.RegisterTest.successfullyRegisterTest"></a><a href="#com.tuttur.test.RegisterTest.successfullyRegisterTest">successfullyRegisterTest</a>
<div class="detailToggle" style="display:inline"><a href="javascript:toggleDisplay('com.tuttur.test.RegisterTest.successfullyRegisterTest');"><span style="display:inline;" id="com.tuttur.test.RegisterTest.successfullyRegisterTest-off"> + </span><span style="display:none;" id="com.tuttur.test.RegisterTest.successfullyRegisterTest-on"> - </span>[ Detail ]</a></div></td>
<td>32.468</td></tr>
<tr class="a">
<td></td>
<td>unknown error: Element &lt;a class=&quot;welcomePage-banner-top-title&quot; href=&quot;/&quot;&gt;...&lt;/a&gt; is not clickable at point (1800, 25). Other element would receive the click: &lt;div class=&quot;toastMessage&quot; layout=&quot;row&quot;&gt;...&lt;/div&gt;
  (Session info: headless chrome=92.0.4515.159)
  (Driver info: chromedriver=72.0.3626.7 (efcef9a3ecda02b2132af215116a03852d08b9cb),platform=Linux 5.4.0-81-generic x86_64) (WARNING: The server did not provide any stacktrace information)
Command duration or timeout: 0 milliseconds
Build info: version: '3.141.59', revision: 'e82be7d358', time: '2018-11-14T08:17:03'
System info: host: 'automationrunner', ip: '127.0.1.1', os.name: 'Linux', os.arch: 'amd64', os.version: '5.4.0-81-generic', java.version: '11.0.11'
Driver info: org.openqa.selenium.chrome.ChromeDriver
Capabilities {acceptInsecureCerts: false, acceptSslCerts: false, applicationCacheEnabled: false, browserConnectionEnabled: false, browserName: chrome, chrome: {chromedriverVersion: 72.0.3626.7 (efcef9a3ecda02..., userDataDir: /tmp/.com.google.Chrome.A0JIqR}, cssSelectorsEnabled: true, databaseEnabled: false, goog:chromeOptions: {debuggerAddress: localhost:39047}, handlesAlerts: true, hasTouchScreen: false, javascriptEnabled: true, locationContextEnabled: true, mobileEmulationEnabled: false, nativeEvents: true, networkConnectionEnabled: false, pageLoadStrategy: normal, platform: LINUX, platformName: LINUX, proxy: Proxy(), rotatable: false, setWindowRect: true, takesHeapSnapshot: true, takesScreenshot: true, timeouts: {implicit: 0, pageLoad: 300000, script: 30000}, unexpectedAlertBehaviour: ignore, unhandledPromptBehavior: ignore, version: 92.0.4515.159, webStorageEnabled: true}
Session ID: ab07de8c1c65cb114c45c505b24a5771</td>
<td></td></tr>
<tr class="b">
<td></td>
<td>
<div id="com.tuttur.test.RegisterTest.successfullyRegisterTest-error" style="display:none;">
<div>
<pre>org.openqa.selenium.WebDriverException:
unknown error: Element &lt;a class=&quot;welcomePage-banner-top-title&quot; href=&quot;/&quot;&gt;...&lt;/a&gt; is not clickable at point (1800, 25). Other element would receive the click: &lt;div class=&quot;toastMessage&quot; layout=&quot;row&quot;&gt;...&lt;/div&gt;
  (Session info: headless chrome=92.0.4515.159)
  (Driver info: chromedriver=72.0.3626.7 (efcef9a3ecda02b2132af215116a03852d08b9cb),platform=Linux 5.4.0-81-generic x86_64) (WARNING: The server did not provide any stacktrace information)
Command duration or timeout: 0 milliseconds
Build info: version: '3.141.59', revision: 'e82be7d358', time: '2018-11-14T08:17:03'
System info: host: 'automationrunner', ip: '127.0.1.1', os.name: 'Linux', os.arch: 'amd64', os.version: '5.4.0-81-generic', java.version: '11.0.11'
Driver info: org.openqa.selenium.chrome.ChromeDriver
Capabilities {acceptInsecureCerts: false, acceptSslCerts: false, applicationCacheEnabled: false, browserConnectionEnabled: false, browserName: chrome, chrome: {chromedriverVersion: 72.0.3626.7 (efcef9a3ecda02..., userDataDir: /tmp/.com.google.Chrome.A0JIqR}, cssSelectorsEnabled: true, databaseEnabled: false, goog:chromeOptions: {debuggerAddress: localhost:39047}, handlesAlerts: true, hasTouchScreen: false, javascriptEnabled: true, locationContextEnabled: true, mobileEmulationEnabled: false, nativeEvents: true, networkConnectionEnabled: false, pageLoadStrategy: normal, platform: LINUX, platformName: LINUX, proxy: Proxy(), rotatable: false, setWindowRect: true, takesHeapSnapshot: true, takesScreenshot: true, timeouts: {implicit: 0, pageLoad: 300000, script: 30000}, unexpectedAlertBehaviour: ignore, unhandledPromptBehavior: ignore, version: 92.0.4515.159, webStorageEnabled: true}
Session ID: ab07de8c1c65cb114c45c505b24a5771
	at com.tuttur.test.RegisterTest.successfullyRegisterTest(RegisterTest.java:43)</pre></div></div></td>
<td></td></tr>
<tr class="a">
<td><img src="images/icon_success_sml.gif" alt="" /></td>
<td><a name="TC_com.tuttur.test.RegisterTest.registerWithBlockedUser"></a>registerWithBlockedUser</td>
<td>13.414</td></tr>
<tr class="b">
<td><img src="images/icon_success_sml.gif" alt="" /></td>
<td><a name="TC_com.tuttur.test.RegisterTest.mandatoryFieldCheck"></a>mandatoryFieldCheck</td>
<td>66.013</td></tr>
<tr class="a">
<td><img src="images/icon_success_sml.gif" alt="" /></td>
<td><a name="TC_com.tuttur.test.RegisterTest.checkExistGsm"></a>checkExistGsm</td>
<td>35.781</td></tr>
<tr class="b">
<td><img src="images/icon_success_sml.gif" alt="" /></td>
<td><a name="TC_com.tuttur.test.RegisterTest.checkCredentialsDoNotMatch"></a>checkCredentialsDoNotMatch</td>
<td>26.865</td></tr>
<tr class="a">
<td><img src="images/icon_success_sml.gif" alt="" /></td>
<td><a name="TC_com.tuttur.test.RegisterTest.registerFromLoginWithCurrentUser"></a>registerFromLoginWithCurrentUser</td>
<td>37.257</td></tr>
<tr class="b">
<td><img src="images/icon_success_sml.gif" alt="" /></td>
<td><a name="TC_com.tuttur.test.RegisterTest.registerWithInvalidData"></a>registerWithInvalidData</td>
<td>32.973</td></tr></table></div>
<div class="section">
<h3><a name="LoginTest"></a>LoginTest</h3><a name="com.tuttur.test.LoginTest"></a>
<table border="1" class="bodyTable">
<tr class="a">
<td><a href="#com.tuttur.test.LoginTest.successfullyLoginWithUsername"><img src="images/icon_error_sml.gif" alt="" /></a></td>
<td><a name="TC_com.tuttur.test.LoginTest.successfullyLoginWithUsername"></a><a href="#com.tuttur.test.LoginTest.successfullyLoginWithUsername">successfullyLoginWithUsername</a>
<div class="detailToggle" style="display:inline"><a href="javascript:toggleDisplay('com.tuttur.test.LoginTest.successfullyLoginWithUsername');"><span style="display:inline;" id="com.tuttur.test.LoginTest.successfullyLoginWithUsername-off"> + </span><span style="display:none;" id="com.tuttur.test.LoginTest.successfullyLoginWithUsername-on"> - </span>[ Detail ]</a></div></td>
<td>19.778</td></tr>
<tr class="b">
<td></td>
<td>Kullan&#x131;c&#x131; ad&#x131; do&#x11f;ru de&#x11f;il</td>
<td></td></tr>
<tr class="a">
<td></td>
<td>
<div id="com.tuttur.test.LoginTest.successfullyLoginWithUsername-failure" style="display:none;">
<div>
<pre>java.lang.AssertionError: Kullan&#x131;c&#x131; ad&#x131; do&#x11f;ru de&#x11f;il
	at com.tuttur.test.LoginTest.successfullyLoginWithUsername(LoginTest.java:54)</pre></div></div></td>
<td></td></tr>
<tr class="b">
<td><img src="images/icon_success_sml.gif" alt="" /></td>
<td><a name="TC_com.tuttur.test.LoginTest.unsuccessfullyLoginWithEmail"></a>unsuccessfullyLoginWithEmail</td>
<td>15.139</td></tr>
<tr class="a">
<td><img src="images/icon_success_sml.gif" alt="" /></td>
<td><a name="TC_com.tuttur.test.LoginTest.loginInputMessageControl"></a>loginInputMessageControl</td>
<td>10.971</td></tr>
<tr class="b">
<td><img src="images/icon_success_sml.gif" alt="" /></td>
<td><a name="TC_com.tuttur.test.LoginTest.unsuccessfullyLoginWithPassword"></a>unsuccessfullyLoginWithPassword</td>
<td>12.648</td></tr>
<tr class="a">
<td><img src="images/icon_success_sml.gif" alt="" /></td>
<td><a name="TC_com.tuttur.test.LoginTest.loginInputMaxValueControl"></a>loginInputMaxValueControl</td>
<td>11.791</td></tr>
<tr class="b">
<td><img src="images/icon_success_sml.gif" alt="" /></td>
<td><a name="TC_com.tuttur.test.LoginTest.unsuccessfullyLoginWithPhoneNumber"></a>unsuccessfullyLoginWithPhoneNumber</td>
<td>13.244</td></tr>
<tr class="a">
<td><img src="images/icon_success_sml.gif" alt="" /></td>
<td><a name="TC_com.tuttur.test.LoginTest.successfullyLoginWithAccountNo"></a>successfullyLoginWithAccountNo</td>
<td>11.481</td></tr>
<tr class="b">
<td><img src="images/icon_success_sml.gif" alt="" /></td>
<td><a name="TC_com.tuttur.test.LoginTest.loginWithMissingInfo"></a>loginWithMissingInfo</td>
<td>11.626</td></tr>
<tr class="a">
<td><img src="images/icon_success_sml.gif" alt="" /></td>
<td><a name="TC_com.tuttur.test.LoginTest.confirmContracts"></a>confirmContracts</td>
<td>26.844</td></tr>
<tr class="b">
<td><img src="images/icon_success_sml.gif" alt="" /></td>
<td><a name="TC_com.tuttur.test.LoginTest.unsuccessfullyLoginWithSsn"></a>unsuccessfullyLoginWithSsn</td>
<td>16.041</td></tr>
<tr class="a">
<td><a href="#com.tuttur.test.LoginTest.successfulllyLoginWithSsn"><img src="images/icon_error_sml.gif" alt="" /></a></td>
<td><a name="TC_com.tuttur.test.LoginTest.successfulllyLoginWithSsn"></a><a href="#com.tuttur.test.LoginTest.successfulllyLoginWithSsn">successfulllyLoginWithSsn</a>
<div class="detailToggle" style="display:inline"><a href="javascript:toggleDisplay('com.tuttur.test.LoginTest.successfulllyLoginWithSsn');"><span style="display:inline;" id="com.tuttur.test.LoginTest.successfulllyLoginWithSsn-off"> + </span><span style="display:none;" id="com.tuttur.test.LoginTest.successfulllyLoginWithSsn-on"> - </span>[ Detail ]</a></div></td>
<td>43.493</td></tr>
<tr class="b">
<td></td>
<td>Expected condition failed: waiting for presence of element located by: By.className: headerTop-userMenu-userNameText (tried for 2 second(s) with 1000 milliseconds interval)</td>
<td></td></tr>
<tr class="a">
<td></td>
<td>
<div id="com.tuttur.test.LoginTest.successfulllyLoginWithSsn-error" style="display:none;">
<div>
<pre>org.openqa.selenium.TimeoutException: Expected condition failed: waiting for presence of element located by: By.className: headerTop-userMenu-userNameText (tried for 2 second(s) with 1000 milliseconds interval)
	at com.tuttur.test.LoginTest.successfulllyLoginWithSsn(LoginTest.java:71)
Caused by: org.openqa.selenium.NoSuchElementException:
no such element: Unable to locate element: {&quot;method&quot;:&quot;class name&quot;,&quot;selector&quot;:&quot;headerTop-userMenu-userNameText&quot;}
  (Session info: headless chrome=92.0.4515.159)
  (Driver info: chromedriver=72.0.3626.7 (efcef9a3ecda02b2132af215116a03852d08b9cb),platform=Linux 5.4.0-81-generic x86_64) (WARNING: The server did not provide any stacktrace information)
Command duration or timeout: 0 milliseconds
For documentation on this error, please visit: https://www.seleniumhq.org/exceptions/no_such_element.html
Build info: version: '3.141.59', revision: 'e82be7d358', time: '2018-11-14T08:17:03'
System info: host: 'automationrunner', ip: '127.0.1.1', os.name: 'Linux', os.arch: 'amd64', os.version: '5.4.0-81-generic', java.version: '11.0.11'
Driver info: org.openqa.selenium.chrome.ChromeDriver
Capabilities {acceptInsecureCerts: false, acceptSslCerts: false, applicationCacheEnabled: false, browserConnectionEnabled: false, browserName: chrome, chrome: {chromedriverVersion: 72.0.3626.7 (efcef9a3ecda02..., userDataDir: /tmp/.com.google.Chrome.WvKl3K}, cssSelectorsEnabled: true, databaseEnabled: false, goog:chromeOptions: {debuggerAddress: localhost:42249}, handlesAlerts: true, hasTouchScreen: false, javascriptEnabled: true, locationContextEnabled: true, mobileEmulationEnabled: false, nativeEvents: true, networkConnectionEnabled: false, pageLoadStrategy: normal, platform: LINUX, platformName: LINUX, proxy: Proxy(), rotatable: false, setWindowRect: true, takesHeapSnapshot: true, takesScreenshot: true, timeouts: {implicit: 0, pageLoad: 300000, script: 30000}, unexpectedAlertBehaviour: ignore, unhandledPromptBehavior: ignore, version: 92.0.4515.159, webStorageEnabled: true}
Session ID: 6ca57aac4592af3083242e2cdc7265b3
*** Element info: {Using=class name, value=headerTop-userMenu-userNameText}
	at com.tuttur.test.LoginTest.successfulllyLoginWithSsn(LoginTest.java:71)</pre></div></div></td>
<td></td></tr>
<tr class="b">
<td><img src="images/icon_success_sml.gif" alt="" /></td>
<td><a name="TC_com.tuttur.test.LoginTest.unsuccessfullyLoginWithAccountNo"></a>unsuccessfullyLoginWithAccountNo</td>
<td>27.502</td></tr>
<tr class="a">
<td><img src="images/icon_success_sml.gif" alt="" /></td>
<td><a name="TC_com.tuttur.test.LoginTest.unsuccessfullyLoginWithUsername"></a>unsuccessfullyLoginWithUsername</td>
<td>23.513</td></tr>
<tr class="b">
<td><img src="images/icon_success_sml.gif" alt="" /></td>
<td><a name="TC_com.tuttur.test.LoginTest.confirmSingleContract"></a>confirmSingleContract</td>
<td>22.389</td></tr></table></div>
<div class="section">
<h3><a name="NavigationTest"></a>NavigationTest</h3><a name="com.tuttur.test.NavigationTest"></a>
<table border="1" class="bodyTable">
<tr class="a">
<td><a href="#com.tuttur.test.NavigationTest.checkRedirectSocialMedia"><img src="images/icon_error_sml.gif" alt="" /></a></td>
<td><a name="TC_com.tuttur.test.NavigationTest.checkRedirectSocialMedia"></a><a href="#com.tuttur.test.NavigationTest.checkRedirectSocialMedia">checkRedirectSocialMedia</a>
<div class="detailToggle" style="display:inline"><a href="javascript:toggleDisplay('com.tuttur.test.NavigationTest.checkRedirectSocialMedia');"><span style="display:inline;" id="com.tuttur.test.NavigationTest.checkRedirectSocialMedia-off"> + </span><span style="display:none;" id="com.tuttur.test.NavigationTest.checkRedirectSocialMedia-on"> - </span>[ Detail ]</a></div></td>
<td>20.312</td></tr>
<tr class="b">
<td></td>
<td>expected:&lt;[https://www.facebook.com/login/?next=https%3A%2F%2Fwww.facebook.com%2Fwwwtutturcom%2F]&gt; but was:&lt;[/populer-kuponlar]&gt;</td>
<td></td></tr>
<tr class="a">
<td></td>
<td>
<div id="com.tuttur.test.NavigationTest.checkRedirectSocialMedia-failure" style="display:none;">
<div>
<pre>org.junit.ComparisonFailure: expected:&lt;[https://www.facebook.com/login/?next=https%3A%2F%2Fwww.facebook.com%2Fwwwtutturcom%2F]&gt; but was:&lt;[/populer-kuponlar]&gt;
	at com.tuttur.test.NavigationTest.checkRedirectSocialMedia(NavigationTest.java:31)</pre></div></div></td>
<td></td></tr>
<tr class="b">
<td><a href="#com.tuttur.test.NavigationTest.headerSubmenuRedirect"><img src="images/icon_error_sml.gif" alt="" /></a></td>
<td><a name="TC_com.tuttur.test.NavigationTest.headerSubmenuRedirect"></a><a href="#com.tuttur.test.NavigationTest.headerSubmenuRedirect">headerSubmenuRedirect</a>
<div class="detailToggle" style="display:inline"><a href="javascript:toggleDisplay('com.tuttur.test.NavigationTest.headerSubmenuRedirect');"><span style="display:inline;" id="com.tuttur.test.NavigationTest.headerSubmenuRedirect-off"> + </span><span style="display:none;" id="com.tuttur.test.NavigationTest.headerSubmenuRedirect-on"> - </span>[ Detail ]</a></div></td>
<td>178.594</td></tr>
<tr class="a">
<td></td>
<td>expected:&lt;...yal/populer-bahisler[/tumu]&gt; but was:&lt;...yal/populer-bahisler[]&gt;</td>
<td></td></tr>
<tr class="b">
<td></td>
<td>
<div id="com.tuttur.test.NavigationTest.headerSubmenuRedirect-failure" style="display:none;">
<div>
<pre>org.junit.ComparisonFailure: expected:&lt;...yal/populer-bahisler[/tumu]&gt; but was:&lt;...yal/populer-bahisler[]&gt;
	at com.tuttur.test.NavigationTest.headerSubmenuRedirect(NavigationTest.java:56)</pre></div></div></td>
<td></td></tr>
<tr class="a">
<td><a href="#com.tuttur.test.NavigationTest.checkShortcutMenuRedirect"><img src="images/icon_error_sml.gif" alt="" /></a></td>
<td><a name="TC_com.tuttur.test.NavigationTest.checkShortcutMenuRedirect"></a><a href="#com.tuttur.test.NavigationTest.checkShortcutMenuRedirect">checkShortcutMenuRedirect</a>
<div class="detailToggle" style="display:inline"><a href="javascript:toggleDisplay('com.tuttur.test.NavigationTest.checkShortcutMenuRedirect');"><span style="display:inline;" id="com.tuttur.test.NavigationTest.checkShortcutMenuRedirect-off"> + </span><span style="display:none;" id="com.tuttur.test.NavigationTest.checkShortcutMenuRedirect-on"> - </span>[ Detail ]</a></div></td>
<td>53.14</td></tr>
<tr class="b">
<td></td>
<td>Url hatal&#x131; expected:&lt;/bulten/tenis[#3=sort-date-1]&gt; but was:&lt;/bulten/tenis[]&gt;</td>
<td></td></tr>
<tr class="a">
<td></td>
<td>
<div id="com.tuttur.test.NavigationTest.checkShortcutMenuRedirect-failure" style="display:none;">
<div>
<pre>org.junit.ComparisonFailure: Url hatal&#x131; expected:&lt;/bulten/tenis[#3=sort-date-1]&gt; but was:&lt;/bulten/tenis[]&gt;
	at com.tuttur.test.NavigationTest.checkShortcutMenuRedirect(NavigationTest.java:68)</pre></div></div></td>
<td></td></tr>
<tr class="b">
<td><a href="#com.tuttur.test.NavigationTest.checkRedirectStore"><img src="images/icon_error_sml.gif" alt="" /></a></td>
<td><a name="TC_com.tuttur.test.NavigationTest.checkRedirectStore"></a><a href="#com.tuttur.test.NavigationTest.checkRedirectStore">checkRedirectStore</a>
<div class="detailToggle" style="display:inline"><a href="javascript:toggleDisplay('com.tuttur.test.NavigationTest.checkRedirectStore');"><span style="display:inline;" id="com.tuttur.test.NavigationTest.checkRedirectStore-off"> + </span><span style="display:none;" id="com.tuttur.test.NavigationTest.checkRedirectStore-on"> - </span>[ Detail ]</a></div></td>
<td>42.729</td></tr>
<tr class="a">
<td></td>
<td>no such element: Unable to locate element: {&quot;method&quot;:&quot;class name&quot;,&quot;selector&quot;:&quot;footerContentDownloads-androidImg&quot;}
  (Session info: headless chrome=92.0.4515.159)
  (Driver info: chromedriver=72.0.3626.7 (efcef9a3ecda02b2132af215116a03852d08b9cb),platform=Linux 5.4.0-81-generic x86_64) (WARNING: The server did not provide any stacktrace information)
Command duration or timeout: 0 milliseconds
For documentation on this error, please visit: https://www.seleniumhq.org/exceptions/no_such_element.html
Build info: version: '3.141.59', revision: 'e82be7d358', time: '2018-11-14T08:17:03'
System info: host: 'automationrunner', ip: '127.0.1.1', os.name: 'Linux', os.arch: 'amd64', os.version: '5.4.0-81-generic', java.version: '11.0.11'
Driver info: org.openqa.selenium.chrome.ChromeDriver
Capabilities {acceptInsecureCerts: false, acceptSslCerts: false, applicationCacheEnabled: false, browserConnectionEnabled: false, browserName: chrome, chrome: {chromedriverVersion: 72.0.3626.7 (efcef9a3ecda02..., userDataDir: /tmp/.com.google.Chrome.NBiixy}, cssSelectorsEnabled: true, databaseEnabled: false, goog:chromeOptions: {debuggerAddress: localhost:43141}, handlesAlerts: true, hasTouchScreen: false, javascriptEnabled: true, locationContextEnabled: true, mobileEmulationEnabled: false, nativeEvents: true, networkConnectionEnabled: false, pageLoadStrategy: normal, platform: LINUX, platformName: LINUX, proxy: Proxy(), rotatable: false, setWindowRect: true, takesHeapSnapshot: true, takesScreenshot: true, timeouts: {implicit: 0, pageLoad: 300000, script: 30000}, unexpectedAlertBehaviour: ignore, unhandledPromptBehavior: ignore, version: 92.0.4515.159, webStorageEnabled: true}
Session ID: f88c5fa5e67920e8440688a3d19d0e58
*** Element info: {Using=class name, value=footerContentDownloads-androidImg}</td>
<td></td></tr>
<tr class="b">
<td></td>
<td>
<div id="com.tuttur.test.NavigationTest.checkRedirectStore-error" style="display:none;">
<div>
<pre>org.openqa.selenium.NoSuchElementException:
no such element: Unable to locate element: {&quot;method&quot;:&quot;class name&quot;,&quot;selector&quot;:&quot;footerContentDownloads-androidImg&quot;}
  (Session info: headless chrome=92.0.4515.159)
  (Driver info: chromedriver=72.0.3626.7 (efcef9a3ecda02b2132af215116a03852d08b9cb),platform=Linux 5.4.0-81-generic x86_64) (WARNING: The server did not provide any stacktrace information)
Command duration or timeout: 0 milliseconds
For documentation on this error, please visit: https://www.seleniumhq.org/exceptions/no_such_element.html
Build info: version: '3.141.59', revision: 'e82be7d358', time: '2018-11-14T08:17:03'
System info: host: 'automationrunner', ip: '127.0.1.1', os.name: 'Linux', os.arch: 'amd64', os.version: '5.4.0-81-generic', java.version: '11.0.11'
Driver info: org.openqa.selenium.chrome.ChromeDriver
Capabilities {acceptInsecureCerts: false, acceptSslCerts: false, applicationCacheEnabled: false, browserConnectionEnabled: false, browserName: chrome, chrome: {chromedriverVersion: 72.0.3626.7 (efcef9a3ecda02..., userDataDir: /tmp/.com.google.Chrome.NBiixy}, cssSelectorsEnabled: true, databaseEnabled: false, goog:chromeOptions: {debuggerAddress: localhost:43141}, handlesAlerts: true, hasTouchScreen: false, javascriptEnabled: true, locationContextEnabled: true, mobileEmulationEnabled: false, nativeEvents: true, networkConnectionEnabled: false, pageLoadStrategy: normal, platform: LINUX, platformName: LINUX, proxy: Proxy(), rotatable: false, setWindowRect: true, takesHeapSnapshot: true, takesScreenshot: true, timeouts: {implicit: 0, pageLoad: 300000, script: 30000}, unexpectedAlertBehaviour: ignore, unhandledPromptBehavior: ignore, version: 92.0.4515.159, webStorageEnabled: true}
Session ID: f88c5fa5e67920e8440688a3d19d0e58
*** Element info: {Using=class name, value=footerContentDownloads-androidImg}
	at com.tuttur.test.NavigationTest.checkRedirectStore(NavigationTest.java:43)</pre></div></div></td>
<td></td></tr></table></div>
<div class="section">
<h3><a name="DashboardTest"></a>DashboardTest</h3><a name="com.tuttur.test.DashboardTest"></a>
<table border="1" class="bodyTable">
<tr class="a">
<td><img src="images/icon_success_sml.gif" alt="" /></td>
<td><a name="TC_com.tuttur.test.DashboardTest.bannerTest"></a>bannerTest</td>
<td>122.38</td></tr>
<tr class="b">
<td><img src="images/icon_success_sml.gif" alt="" /></td>
<td><a name="TC_com.tuttur.test.DashboardTest.liveWidgetTest"></a>liveWidgetTest</td>
<td>31.923</td></tr>
<tr class="a">
<td><img src="images/icon_success_sml.gif" alt="" /></td>
<td><a name="TC_com.tuttur.test.DashboardTest.popularWidgetTest"></a>popularWidgetTest</td>
<td>28.712</td></tr>
<tr class="b">
<td><img src="images/icon_success_sml.gif" alt="" /></td>
<td><a name="TC_com.tuttur.test.DashboardTest.newFutureWidgetTest"></a>newFutureWidgetTest</td>
<td>76.931</td></tr></table></div>
<div class="section">
<h3><a name="ForgotPassTest"></a>ForgotPassTest</h3><a name="com.tuttur.test.ForgotPassTest"></a>
<table border="1" class="bodyTable">
<tr class="a">
<td><img src="images/icon_success_sml.gif" alt="" /></td>
<td><a name="TC_com.tuttur.test.ForgotPassTest.successForgotPasswordWithEmail"></a>successForgotPasswordWithEmail</td>
<td>40.277</td></tr>
<tr class="b">
<td><img src="images/icon_success_sml.gif" alt="" /></td>
<td><a name="TC_com.tuttur.test.ForgotPassTest.inputPublicControls"></a>inputPublicControls</td>
<td>20.616</td></tr>
<tr class="a">
<td><img src="images/icon_success_sml.gif" alt="" /></td>
<td><a name="TC_com.tuttur.test.ForgotPassTest.successForgotPasswordWithSms"></a>successForgotPasswordWithSms</td>
<td>28.445</td></tr>
<tr class="b">
<td><a href="#com.tuttur.test.ForgotPassTest.verifyCodeTest"><img src="images/icon_error_sml.gif" alt="" /></a></td>
<td><a name="TC_com.tuttur.test.ForgotPassTest.verifyCodeTest"></a><a href="#com.tuttur.test.ForgotPassTest.verifyCodeTest">verifyCodeTest</a>
<div class="detailToggle" style="display:inline"><a href="javascript:toggleDisplay('com.tuttur.test.ForgotPassTest.verifyCodeTest');"><span style="display:inline;" id="com.tuttur.test.ForgotPassTest.verifyCodeTest-off"> + </span><span style="display:none;" id="com.tuttur.test.ForgotPassTest.verifyCodeTest-on"> - </span>[ Detail ]</a></div></td>
<td>43.222</td></tr>
<tr class="a">
<td></td>
<td>Expected condition failed: waiting for presence of element located by: By.className: countdown-number (tried for 5 second(s) with 1000 milliseconds interval)</td>
<td></td></tr>
<tr class="b">
<td></td>
<td>
<div id="com.tuttur.test.ForgotPassTest.verifyCodeTest-error" style="display:none;">
<div>
<pre>org.openqa.selenium.TimeoutException: Expected condition failed: waiting for presence of element located by: By.className: countdown-number (tried for 5 second(s) with 1000 milliseconds interval)
	at com.tuttur.test.ForgotPassTest.verifyCodeTest(ForgotPassTest.java:118)
Caused by: org.openqa.selenium.NoSuchElementException:
no such element: Unable to locate element: {&quot;method&quot;:&quot;class name&quot;,&quot;selector&quot;:&quot;countdown-number&quot;}
  (Session info: headless chrome=92.0.4515.159)
  (Driver info: chromedriver=72.0.3626.7 (efcef9a3ecda02b2132af215116a03852d08b9cb),platform=Linux 5.4.0-81-generic x86_64) (WARNING: The server did not provide any stacktrace information)
Command duration or timeout: 0 milliseconds
For documentation on this error, please visit: https://www.seleniumhq.org/exceptions/no_such_element.html
Build info: version: '3.141.59', revision: 'e82be7d358', time: '2018-11-14T08:17:03'
System info: host: 'automationrunner', ip: '127.0.1.1', os.name: 'Linux', os.arch: 'amd64', os.version: '5.4.0-81-generic', java.version: '11.0.11'
Driver info: org.openqa.selenium.chrome.ChromeDriver
Capabilities {acceptInsecureCerts: false, acceptSslCerts: false, applicationCacheEnabled: false, browserConnectionEnabled: false, browserName: chrome, chrome: {chromedriverVersion: 72.0.3626.7 (efcef9a3ecda02..., userDataDir: /tmp/.com.google.Chrome.b4j5oQ}, cssSelectorsEnabled: true, databaseEnabled: false, goog:chromeOptions: {debuggerAddress: localhost:34349}, handlesAlerts: true, hasTouchScreen: false, javascriptEnabled: true, locationContextEnabled: true, mobileEmulationEnabled: false, nativeEvents: true, networkConnectionEnabled: false, pageLoadStrategy: normal, platform: LINUX, platformName: LINUX, proxy: Proxy(), rotatable: false, setWindowRect: true, takesHeapSnapshot: true, takesScreenshot: true, timeouts: {implicit: 0, pageLoad: 300000, script: 30000}, unexpectedAlertBehaviour: ignore, unhandledPromptBehavior: ignore, version: 92.0.4515.159, webStorageEnabled: true}
Session ID: e013577497c5e4402155f8deffef49c8
*** Element info: {Using=class name, value=countdown-number}
	at com.tuttur.test.ForgotPassTest.verifyCodeTest(ForgotPassTest.java:118)</pre></div></div></td>
<td></td></tr>
<tr class="a">
<td><a href="#com.tuttur.test.ForgotPassTest.unmatchPasswordControl"><img src="images/icon_error_sml.gif" alt="" /></a></td>
<td><a name="TC_com.tuttur.test.ForgotPassTest.unmatchPasswordControl"></a><a href="#com.tuttur.test.ForgotPassTest.unmatchPasswordControl">unmatchPasswordControl</a>
<div class="detailToggle" style="display:inline"><a href="javascript:toggleDisplay('com.tuttur.test.ForgotPassTest.unmatchPasswordControl');"><span style="display:inline;" id="com.tuttur.test.ForgotPassTest.unmatchPasswordControl-off"> + </span><span style="display:none;" id="com.tuttur.test.ForgotPassTest.unmatchPasswordControl-on"> - </span>[ Detail ]</a></div></td>
<td>54.539</td></tr>
<tr class="b">
<td></td>
<td>no such element: Unable to locate element: {&quot;method&quot;:&quot;name&quot;,&quot;selector&quot;:&quot;verifyCode&quot;}
  (Session info: headless chrome=92.0.4515.159)
  (Driver info: chromedriver=72.0.3626.7 (efcef9a3ecda02b2132af215116a03852d08b9cb),platform=Linux 5.4.0-81-generic x86_64) (WARNING: The server did not provide any stacktrace information)
Command duration or timeout: 0 milliseconds
For documentation on this error, please visit: https://www.seleniumhq.org/exceptions/no_such_element.html
Build info: version: '3.141.59', revision: 'e82be7d358', time: '2018-11-14T08:17:03'
System info: host: 'automationrunner', ip: '127.0.1.1', os.name: 'Linux', os.arch: 'amd64', os.version: '5.4.0-81-generic', java.version: '11.0.11'
Driver info: org.openqa.selenium.chrome.ChromeDriver
Capabilities {acceptInsecureCerts: false, acceptSslCerts: false, applicationCacheEnabled: false, browserConnectionEnabled: false, browserName: chrome, chrome: {chromedriverVersion: 72.0.3626.7 (efcef9a3ecda02..., userDataDir: /tmp/.com.google.Chrome.oWFssC}, cssSelectorsEnabled: true, databaseEnabled: false, goog:chromeOptions: {debuggerAddress: localhost:41837}, handlesAlerts: true, hasTouchScreen: false, javascriptEnabled: true, locationContextEnabled: true, mobileEmulationEnabled: false, nativeEvents: true, networkConnectionEnabled: false, pageLoadStrategy: normal, platform: LINUX, platformName: LINUX, proxy: Proxy(), rotatable: false, setWindowRect: true, takesHeapSnapshot: true, takesScreenshot: true, timeouts: {implicit: 0, pageLoad: 300000, script: 30000}, unexpectedAlertBehaviour: ignore, unhandledPromptBehavior: ignore, version: 92.0.4515.159, webStorageEnabled: true}
Session ID: c0735a37f0a9c59f0cfc8a14a0eaa1c3
*** Element info: {Using=name, value=verifyCode}</td>
<td></td></tr>
<tr class="a">
<td></td>
<td>
<div id="com.tuttur.test.ForgotPassTest.unmatchPasswordControl-error" style="display:none;">
<div>
<pre>org.openqa.selenium.NoSuchElementException:
no such element: Unable to locate element: {&quot;method&quot;:&quot;name&quot;,&quot;selector&quot;:&quot;verifyCode&quot;}
  (Session info: headless chrome=92.0.4515.159)
  (Driver info: chromedriver=72.0.3626.7 (efcef9a3ecda02b2132af215116a03852d08b9cb),platform=Linux 5.4.0-81-generic x86_64) (WARNING: The server did not provide any stacktrace information)
Command duration or timeout: 0 milliseconds
For documentation on this error, please visit: https://www.seleniumhq.org/exceptions/no_such_element.html
Build info: version: '3.141.59', revision: 'e82be7d358', time: '2018-11-14T08:17:03'
System info: host: 'automationrunner', ip: '127.0.1.1', os.name: 'Linux', os.arch: 'amd64', os.version: '5.4.0-81-generic', java.version: '11.0.11'
Driver info: org.openqa.selenium.chrome.ChromeDriver
Capabilities {acceptInsecureCerts: false, acceptSslCerts: false, applicationCacheEnabled: false, browserConnectionEnabled: false, browserName: chrome, chrome: {chromedriverVersion: 72.0.3626.7 (efcef9a3ecda02..., userDataDir: /tmp/.com.google.Chrome.oWFssC}, cssSelectorsEnabled: true, databaseEnabled: false, goog:chromeOptions: {debuggerAddress: localhost:41837}, handlesAlerts: true, hasTouchScreen: false, javascriptEnabled: true, locationContextEnabled: true, mobileEmulationEnabled: false, nativeEvents: true, networkConnectionEnabled: false, pageLoadStrategy: normal, platform: LINUX, platformName: LINUX, proxy: Proxy(), rotatable: false, setWindowRect: true, takesHeapSnapshot: true, takesScreenshot: true, timeouts: {implicit: 0, pageLoad: 300000, script: 30000}, unexpectedAlertBehaviour: ignore, unhandledPromptBehavior: ignore, version: 92.0.4515.159, webStorageEnabled: true}
Session ID: c0735a37f0a9c59f0cfc8a14a0eaa1c3
*** Element info: {Using=name, value=verifyCode}
	at com.tuttur.test.ForgotPassTest.unmatchPasswordControl(ForgotPassTest.java:99)</pre></div></div></td>
<td></td></tr></table></div>
<div class="section">
<h3><a name="CampaignsTest"></a>CampaignsTest</h3><a name="com.tuttur.test.CampaignsTest"></a>
<table border="1" class="bodyTable">
<tr class="a">
<td><img src="images/icon_success_sml.gif" alt="" /></td>
<td><a name="TC_com.tuttur.test.CampaignsTest.campaignTypeFourTest"></a>campaignTypeFourTest</td>
<td>57.21</td></tr>
<tr class="b">
<td><img src="images/icon_success_sml.gif" alt="" /></td>
<td><a name="TC_com.tuttur.test.CampaignsTest.campaignTypeThreeTest"></a>campaignTypeThreeTest</td>
<td>53.737</td></tr>
<tr class="a">
<td><img src="images/icon_success_sml.gif" alt="" /></td>
<td><a name="TC_com.tuttur.test.CampaignsTest.campaignTypeSixTest"></a>campaignTypeSixTest</td>
<td>48.915</td></tr>
<tr class="b">
<td><img src="images/icon_success_sml.gif" alt="" /></td>
<td><a name="TC_com.tuttur.test.CampaignsTest.campaignTypeOneTest"></a>campaignTypeOneTest</td>
<td>86.926</td></tr>
<tr class="a">
<td><img src="images/icon_success_sml.gif" alt="" /></td>
<td><a name="TC_com.tuttur.test.CampaignsTest.campaignTypeTwoTest"></a>campaignTypeTwoTest</td>
<td>21.562</td></tr>
<tr class="b">
<td><img src="images/icon_success_sml.gif" alt="" /></td>
<td><a name="TC_com.tuttur.test.CampaignsTest.campaignTypeFiveTest"></a>campaignTypeFiveTest</td>
<td>51.21</td></tr>
<tr class="a">
<td><img src="images/icon_success_sml.gif" alt="" /></td>
<td><a name="TC_com.tuttur.test.CampaignsTest.campaignsEmptyStateTest"></a>campaignsEmptyStateTest</td>
<td>46.102</td></tr></table></div><br /></div>
<div class="section">
<h2><a name="Failure_Details"></a>Failure Details</h2><a name="Failure_Details"></a>
<p>[<a href="#Summary">Summary</a>] [<a href="#Package_List">Package List</a>] [<a href="#Test_Cases">Test Cases</a>]</p><br />
<table border="1" class="bodyTable">
<tr class="a">
<td><img src="images/icon_error_sml.gif" alt="" /></td>
<td><a name="com.tuttur.test.RegisterTest.fieldsRuleCheck"></a>fieldsRuleCheck</td></tr>
<tr class="b">
<td></td>
<td>org.openqa.selenium.NoSuchElementException: no such element: Unable to locate element: {&quot;method&quot;:&quot;css selector&quot;,&quot;selector&quot;:&quot;.headerTop-content-registerLink.px-35&quot;}
  (Session info: headless chrome=92.0.4515.159)
  (Driver info: chromedriver=72.0.3626.7 (efcef9a3ecda02b2132af215116a03852d08b9cb),platform=Linux 5.4.0-81-generic x86_64) (WARNING: The server did not provide any stacktrace information)
Command duration or timeout: 0 milliseconds
For documentation on this error, please visit: https://www.seleniumhq.org/exceptions/no_such_element.html
Build info: version: '3.141.59', revision: 'e82be7d358', time: '2018-11-14T08:17:03'
System info: host: 'automationrunner', ip: '127.0.1.1', os.name: 'Linux', os.arch: 'amd64', os.version: '5.4.0-81-generic', java.version: '11.0.11'
Driver info: org.openqa.selenium.chrome.ChromeDriver
Capabilities {acceptInsecureCerts: false, acceptSslCerts: false, applicationCacheEnabled: false, browserConnectionEnabled: false, browserName: chrome, chrome: {chromedriverVersion: 72.0.3626.7 (efcef9a3ecda02..., userDataDir: /tmp/.com.google.Chrome.kzyGrG}, cssSelectorsEnabled: true, databaseEnabled: false, goog:chromeOptions: {debuggerAddress: localhost:40245}, handlesAlerts: true, hasTouchScreen: false, javascriptEnabled: true, locationContextEnabled: true, mobileEmulationEnabled: false, nativeEvents: true, networkConnectionEnabled: false, pageLoadStrategy: normal, platform: LINUX, platformName: LINUX, proxy: Proxy(), rotatable: false, setWindowRect: true, takesHeapSnapshot: true, takesScreenshot: true, timeouts: {implicit: 0, pageLoad: 300000, script: 30000}, unexpectedAlertBehaviour: ignore, unhandledPromptBehavior: ignore, version: 92.0.4515.159, webStorageEnabled: true}
Session ID: f08856abf6f3413b8cea56a88d0deb72
*** Element info: {Using=css selector, value=.headerTop-content-registerLink.px-35}</td></tr>
<tr class="a">
<td></td>
<td>
<div id="fieldsRuleCheck-error">com.tuttur.test.RegisterTest:142</div></td></tr>
<tr class="b">
<td><img src="images/icon_error_sml.gif" alt="" /></td>
<td><a name="com.tuttur.test.RegisterTest.successfullyRegisterTest"></a>successfullyRegisterTest</td></tr>
<tr class="a">
<td></td>
<td>org.openqa.selenium.WebDriverException: unknown error: Element &lt;a class=&quot;welcomePage-banner-top-title&quot; href=&quot;/&quot;&gt;...&lt;/a&gt; is not clickable at point (1800, 25). Other element would receive the click: &lt;div class=&quot;toastMessage&quot; layout=&quot;row&quot;&gt;...&lt;/div&gt;
  (Session info: headless chrome=92.0.4515.159)
  (Driver info: chromedriver=72.0.3626.7 (efcef9a3ecda02b2132af215116a03852d08b9cb),platform=Linux 5.4.0-81-generic x86_64) (WARNING: The server did not provide any stacktrace information)
Command duration or timeout: 0 milliseconds
Build info: version: '3.141.59', revision: 'e82be7d358', time: '2018-11-14T08:17:03'
System info: host: 'automationrunner', ip: '127.0.1.1', os.name: 'Linux', os.arch: 'amd64', os.version: '5.4.0-81-generic', java.version: '11.0.11'
Driver info: org.openqa.selenium.chrome.ChromeDriver
Capabilities {acceptInsecureCerts: false, acceptSslCerts: false, applicationCacheEnabled: false, browserConnectionEnabled: false, browserName: chrome, chrome: {chromedriverVersion: 72.0.3626.7 (efcef9a3ecda02..., userDataDir: /tmp/.com.google.Chrome.A0JIqR}, cssSelectorsEnabled: true, databaseEnabled: false, goog:chromeOptions: {debuggerAddress: localhost:39047}, handlesAlerts: true, hasTouchScreen: false, javascriptEnabled: true, locationContextEnabled: true, mobileEmulationEnabled: false, nativeEvents: true, networkConnectionEnabled: false, pageLoadStrategy: normal, platform: LINUX, platformName: LINUX, proxy: Proxy(), rotatable: false, setWindowRect: true, takesHeapSnapshot: true, takesScreenshot: true, timeouts: {implicit: 0, pageLoad: 300000, script: 30000}, unexpectedAlertBehaviour: ignore, unhandledPromptBehavior: ignore, version: 92.0.4515.159, webStorageEnabled: true}
Session ID: ab07de8c1c65cb114c45c505b24a5771</td></tr>
<tr class="b">
<td></td>
<td>
<div id="successfullyRegisterTest-error">com.tuttur.test.RegisterTest:43</div></td></tr>
<tr class="a">
<td><img src="images/icon_error_sml.gif" alt="" /></td>
<td><a name="com.tuttur.test.LoginTest.successfullyLoginWithUsername"></a>successfullyLoginWithUsername</td></tr>
<tr class="b">
<td></td>
<td>java.lang.AssertionError: Kullan&#x131;c&#x131; ad&#x131; do&#x11f;ru de&#x11f;il</td></tr>
<tr class="a">
<td></td>
<td>
<div id="successfullyLoginWithUsername-failure">com.tuttur.test.LoginTest:54</div></td></tr>
<tr class="b">
<td><img src="images/icon_error_sml.gif" alt="" /></td>
<td><a name="com.tuttur.test.LoginTest.successfulllyLoginWithSsn"></a>successfulllyLoginWithSsn</td></tr>
<tr class="a">
<td></td>
<td>org.openqa.selenium.TimeoutException: Expected condition failed: waiting for presence of element located by: By.className: headerTop-userMenu-userNameText (tried for 2 second(s) with 1000 milliseconds interval)</td></tr>
<tr class="b">
<td></td>
<td>
<div id="successfulllyLoginWithSsn-error">com.tuttur.test.LoginTest:71</div></td></tr>
<tr class="a">
<td><img src="images/icon_error_sml.gif" alt="" /></td>
<td><a name="com.tuttur.test.NavigationTest.checkRedirectSocialMedia"></a>checkRedirectSocialMedia</td></tr>
<tr class="b">
<td></td>
<td>org.junit.ComparisonFailure: expected:&lt;[https://www.facebook.com/login/?next=https%3A%2F%2Fwww.facebook.com%2Fwwwtutturcom%2F]&gt; but was:&lt;[/populer-kuponlar]&gt;</td></tr>
<tr class="a">
<td></td>
<td>
<div id="checkRedirectSocialMedia-failure">com.tuttur.test.NavigationTest:31</div></td></tr>
<tr class="b">
<td><img src="images/icon_error_sml.gif" alt="" /></td>
<td><a name="com.tuttur.test.NavigationTest.headerSubmenuRedirect"></a>headerSubmenuRedirect</td></tr>
<tr class="a">
<td></td>
<td>org.junit.ComparisonFailure: expected:&lt;...yal/populer-bahisler[/tumu]&gt; but was:&lt;...yal/populer-bahisler[]&gt;</td></tr>
<tr class="b">
<td></td>
<td>
<div id="headerSubmenuRedirect-failure">com.tuttur.test.NavigationTest:56</div></td></tr>
<tr class="a">
<td><img src="images/icon_error_sml.gif" alt="" /></td>
<td><a name="com.tuttur.test.NavigationTest.checkShortcutMenuRedirect"></a>checkShortcutMenuRedirect</td></tr>
<tr class="b">
<td></td>
<td>org.junit.ComparisonFailure: Url hatal&#x131; expected:&lt;/bulten/tenis[#3=sort-date-1]&gt; but was:&lt;/bulten/tenis[]&gt;</td></tr>
<tr class="a">
<td></td>
<td>
<div id="checkShortcutMenuRedirect-failure">com.tuttur.test.NavigationTest:68</div></td></tr>
<tr class="b">
<td><img src="images/icon_error_sml.gif" alt="" /></td>
<td><a name="com.tuttur.test.NavigationTest.checkRedirectStore"></a>checkRedirectStore</td></tr>
<tr class="a">
<td></td>
<td>org.openqa.selenium.NoSuchElementException: no such element: Unable to locate element: {&quot;method&quot;:&quot;class name&quot;,&quot;selector&quot;:&quot;footerContentDownloads-androidImg&quot;}
  (Session info: headless chrome=92.0.4515.159)
  (Driver info: chromedriver=72.0.3626.7 (efcef9a3ecda02b2132af215116a03852d08b9cb),platform=Linux 5.4.0-81-generic x86_64) (WARNING: The server did not provide any stacktrace information)
Command duration or timeout: 0 milliseconds
For documentation on this error, please visit: https://www.seleniumhq.org/exceptions/no_such_element.html
Build info: version: '3.141.59', revision: 'e82be7d358', time: '2018-11-14T08:17:03'
System info: host: 'automationrunner', ip: '127.0.1.1', os.name: 'Linux', os.arch: 'amd64', os.version: '5.4.0-81-generic', java.version: '11.0.11'
Driver info: org.openqa.selenium.chrome.ChromeDriver
Capabilities {acceptInsecureCerts: false, acceptSslCerts: false, applicationCacheEnabled: false, browserConnectionEnabled: false, browserName: chrome, chrome: {chromedriverVersion: 72.0.3626.7 (efcef9a3ecda02..., userDataDir: /tmp/.com.google.Chrome.NBiixy}, cssSelectorsEnabled: true, databaseEnabled: false, goog:chromeOptions: {debuggerAddress: localhost:43141}, handlesAlerts: true, hasTouchScreen: false, javascriptEnabled: true, locationContextEnabled: true, mobileEmulationEnabled: false, nativeEvents: true, networkConnectionEnabled: false, pageLoadStrategy: normal, platform: LINUX, platformName: LINUX, proxy: Proxy(), rotatable: false, setWindowRect: true, takesHeapSnapshot: true, takesScreenshot: true, timeouts: {implicit: 0, pageLoad: 300000, script: 30000}, unexpectedAlertBehaviour: ignore, unhandledPromptBehavior: ignore, version: 92.0.4515.159, webStorageEnabled: true}
Session ID: f88c5fa5e67920e8440688a3d19d0e58
*** Element info: {Using=class name, value=footerContentDownloads-androidImg}</td></tr>
<tr class="b">
<td></td>
<td>
<div id="checkRedirectStore-error">com.tuttur.test.NavigationTest:43</div></td></tr>
<tr class="a">
<td><img src="images/icon_error_sml.gif" alt="" /></td>
<td><a name="com.tuttur.test.ForgotPassTest.verifyCodeTest"></a>verifyCodeTest</td></tr>
<tr class="b">
<td></td>
<td>org.openqa.selenium.TimeoutException: Expected condition failed: waiting for presence of element located by: By.className: countdown-number (tried for 5 second(s) with 1000 milliseconds interval)</td></tr>
<tr class="a">
<td></td>
<td>
<div id="verifyCodeTest-error">com.tuttur.test.ForgotPassTest:118</div></td></tr>
<tr class="b">
<td><img src="images/icon_error_sml.gif" alt="" /></td>
<td><a name="com.tuttur.test.ForgotPassTest.unmatchPasswordControl"></a>unmatchPasswordControl</td></tr>
<tr class="a">
<td></td>
<td>org.openqa.selenium.NoSuchElementException: no such element: Unable to locate element: {&quot;method&quot;:&quot;name&quot;,&quot;selector&quot;:&quot;verifyCode&quot;}
  (Session info: headless chrome=92.0.4515.159)
  (Driver info: chromedriver=72.0.3626.7 (efcef9a3ecda02b2132af215116a03852d08b9cb),platform=Linux 5.4.0-81-generic x86_64) (WARNING: The server did not provide any stacktrace information)
Command duration or timeout: 0 milliseconds
For documentation on this error, please visit: https://www.seleniumhq.org/exceptions/no_such_element.html
Build info: version: '3.141.59', revision: 'e82be7d358', time: '2018-11-14T08:17:03'
System info: host: 'automationrunner', ip: '127.0.1.1', os.name: 'Linux', os.arch: 'amd64', os.version: '5.4.0-81-generic', java.version: '11.0.11'
Driver info: org.openqa.selenium.chrome.ChromeDriver
Capabilities {acceptInsecureCerts: false, acceptSslCerts: false, applicationCacheEnabled: false, browserConnectionEnabled: false, browserName: chrome, chrome: {chromedriverVersion: 72.0.3626.7 (efcef9a3ecda02..., userDataDir: /tmp/.com.google.Chrome.oWFssC}, cssSelectorsEnabled: true, databaseEnabled: false, goog:chromeOptions: {debuggerAddress: localhost:41837}, handlesAlerts: true, hasTouchScreen: false, javascriptEnabled: true, locationContextEnabled: true, mobileEmulationEnabled: false, nativeEvents: true, networkConnectionEnabled: false, pageLoadStrategy: normal, platform: LINUX, platformName: LINUX, proxy: Proxy(), rotatable: false, setWindowRect: true, takesHeapSnapshot: true, takesScreenshot: true, timeouts: {implicit: 0, pageLoad: 300000, script: 30000}, unexpectedAlertBehaviour: ignore, unhandledPromptBehavior: ignore, version: 92.0.4515.159, webStorageEnabled: true}
Session ID: c0735a37f0a9c59f0cfc8a14a0eaa1c3
*** Element info: {Using=name, value=verifyCode}</td></tr>
<tr class="b">
<td></td>
<td>
<div id="unmatchPasswordControl-error">com.tuttur.test.ForgotPassTest:99</div></td></tr></table><br /></div>
      </div>
    </div>
    <div class="clear">
      <hr/>
    </div>
    <div id="footer">
      <div class="xright">
        Copyright &#169;      2021.All rights reserved.      </div>
      <div class="clear">
        <hr/>
      </div>
    </div>
  </body>
</html>