<!DOCTYPE html PUBLIC "-//W3C//DTD XHTML 1.0 Transitional//EN" "http://www.w3.org/TR/xhtml1/DTD/xhtml1-transitional.dtd">
<!-- Generated by Apache Maven Doxia Site Renderer 1.8.1 from org.apache.maven.plugins:maven-surefire-report-plugin:2.22.0:report at 2021-09-02 -->
<html xmlns="http://www.w3.org/1999/xhtml" xml:lang="en" lang="en">
  <head>
    <meta http-equiv="Content-Type" content="text/html; charset=UTF-8" />
    <title>webautomation &#x2013; Surefire Report</title>
    <style type="text/css" media="all">
      @import url("./css/maven-base.css");
      @import url("./css/maven-theme.css");
      @import url("./css/site.css");
    </style>
    <link rel="stylesheet" href="./css/print.css" type="text/css" media="print" />
    <meta http-equiv="Content-Language" content="en" />
    
  </head>
  <body class="composite">
    <div id="banner">
<div id="bannerLeft">
webautomation
</div>
      <div class="clear">
        <hr/>
      </div>
    </div>
    <div id="breadcrumbs">
      <div class="xleft">
        <span id="publishDate">Last Published: 2021-09-02</span>
          &nbsp;| <span id="projectVersion">Version: 1.0-SNAPSHOT</span>
      </div>
      <div class="xright"><a href="${project.url}" title="webautomation">webautomation</a>      </div>
      <div class="clear">
        <hr/>
      </div>
    </div>
    <div id="leftColumn">
      <div id="navcolumn">
       <h5>Project Documentation</h5>
    <ul>
     <li class="collapsed"><a href="project-info.html" title="Project Information">Project Information</a></li>
     <li class="expanded"><a href="project-reports.html" title="Project Reports">Project Reports</a>
      <ul>
       <li class="none"><strong>Surefire Report</strong></li>
      </ul></li>
    </ul>
      <a href="http://maven.apache.org/" title="Built by Maven" class="poweredBy">
        <img class="poweredBy" alt="Built by Maven" src="./images/logos/maven-feather.png" />
      </a>
      </div>
    </div>
    <div id="bodyColumn">
      <div id="contentBox">
<script type="text/javascript">
//<![CDATA[
function toggleDisplay(elementId) {
 var elm = document.getElementById(elementId + '-error');
 if (elm == null) {
  elm = document.getElementById(elementId + '-failure');
 }
 if (elm && typeof elm.style != "undefined") {
  if (elm.style.display == "none") {
   elm.style.display = "";
   document.getElementById(elementId + '-off').style.display = "none";
   document.getElementById(elementId + '-on').style.display = "inline";
  } else if (elm.style.display == "") {   elm.style.display = "none";
   document.getElementById(elementId + '-off').style.display = "inline";
   document.getElementById(elementId + '-on').style.display = "none";
  } 
 } 
 }
//]]>
</script>
<div class="section">
<h2><a name="Surefire_Report"></a>Surefire Report</h2></div>
<div class="section">
<h2><a name="Summary"></a>Summary</h2><a name="Summary"></a>
<p>[<a href="#Summary">Summary</a>] [<a href="#Package_List">Package List</a>] [<a href="#Test_Cases">Test Cases</a>]</p><br />
<table border="1" class="bodyTable">
<tr class="a">
<th>Tests</th>
<th>Errors</th>
<th>Failures</th>
<th>Skipped</th>
<th>Success Rate</th>
<th>Time</th></tr>
<tr class="b">
<td>19</td>
<td>2</td>
<td>0</td>
<td>0</td>
<td>89.474%</td>
<td>1,842.254</td></tr></table><br />
<p>Note: failures are anticipated and checked for with assertions while errors are unanticipated.</p><br /></div>
<div class="section">
<h2><a name="Package_List"></a>Package List</h2><a name="Package_List"></a>
<p>[<a href="#Summary">Summary</a>] [<a href="#Package_List">Package List</a>] [<a href="#Test_Cases">Test Cases</a>]</p><br />
<table border="1" class="bodyTable">
<tr class="a">
<th>Package</th>
<th>Tests</th>
<th>Errors</th>
<th>Failures</th>
<th>Skipped</th>
<th>Success Rate</th>
<th>Time</th></tr>
<tr class="b">
<td><a href="#com.tuttur.test">com.tuttur.test</a></td>
<td>19</td>
<td>2</td>
<td>0</td>
<td>0</td>
<td>89.474%</td>
<td>1,842.254</td></tr></table><br />
<p>Note: package statistics are not computed recursively, they only sum up all of its testsuites numbers.</p>
<div class="section">
<h3><a name="com.tuttur.test"></a>com.tuttur.test</h3><a name="com.tuttur.test"></a>
<table border="1" class="bodyTable">
<tr class="a">
<th></th>
<th>Class</th>
<th>Tests</th>
<th>Errors</th>
<th>Failures</th>
<th>Skipped</th>
<th>Success Rate</th>
<th>Time</th></tr>
<tr class="b">
<td><a href="#com.tuttur.test.LoginTest"><img src="images/icon_error_sml.gif" alt="" /></a></td>
<td><a href="#com.tuttur.test.LoginTest">LoginTest</a></td>
<td>12</td>
<td>2</td>
<td>0</td>
<td>0</td>
<td>83.333%</td>
<td>277.569</td></tr>
<tr class="a">
<td><a href="#com.tuttur.test.CampaignsTest"><img src="images/icon_success_sml.gif" alt="" /></a></td>
<td><a href="#com.tuttur.test.CampaignsTest">CampaignsTest</a></td>
<td>7</td>
<td>0</td>
<td>0</td>
<td>0</td>
<td>100%</td>
<td>1,564.685</td></tr></table></div><br /></div>
<div class="section">
<h2><a name="Test_Cases"></a>Test Cases</h2><a name="Test_Cases"></a>
<p>[<a href="#Summary">Summary</a>] [<a href="#Package_List">Package List</a>] [<a href="#Test_Cases">Test Cases</a>]</p>
<div class="section">
<h3><a name="LoginTest"></a>LoginTest</h3><a name="com.tuttur.test.LoginTest"></a>
<table border="1" class="bodyTable">
<tr class="a">
<td><img src="images/icon_success_sml.gif" alt="" /></td>
<td><a name="TC_com.tuttur.test.LoginTest.unsuccessfullyLoginWithEmail"></a>unsuccessfullyLoginWithEmail</td>
<td>15.398</td></tr>
<tr class="b">
<td><img src="images/icon_success_sml.gif" alt="" /></td>
<td><a name="TC_com.tuttur.test.LoginTest.loginInputMessageControl"></a>loginInputMessageControl</td>
<td>7.183</td></tr>
<tr class="a">
<td><img src="images/icon_success_sml.gif" alt="" /></td>
<td><a name="TC_com.tuttur.test.LoginTest.unsuccessfullyLoginWithPassword"></a>unsuccessfullyLoginWithPassword</td>
<td>7.862</td></tr>
<tr class="b">
<td><img src="images/icon_success_sml.gif" alt="" /></td>
<td><a name="TC_com.tuttur.test.LoginTest.loginInputMaxValueControl"></a>loginInputMaxValueControl</td>
<td>7.543</td></tr>
<tr class="a">
<td><img src="images/icon_success_sml.gif" alt="" /></td>
<td><a name="TC_com.tuttur.test.LoginTest.unsuccessfullyLoginWithPhoneNumber"></a>unsuccessfullyLoginWithPhoneNumber</td>
<td>6.813</td></tr>
<tr class="b">
<td><img src="images/icon_success_sml.gif" alt="" /></td>
<td><a name="TC_com.tuttur.test.LoginTest.successfullyLoginWithAccountNo"></a>successfullyLoginWithAccountNo</td>
<td>7.637</td></tr>
<tr class="a">
<td><img src="images/icon_success_sml.gif" alt="" /></td>
<td><a name="TC_com.tuttur.test.LoginTest.loginWithMissingInfo"></a>loginWithMissingInfo</td>
<td>7.793</td></tr>
<tr class="b">
<td><a href="#com.tuttur.test.LoginTest.confirmContracts"><img src="images/icon_error_sml.gif" alt="" /></a></td>
<td><a name="TC_com.tuttur.test.LoginTest.confirmContracts"></a><a href="#com.tuttur.test.LoginTest.confirmContracts">confirmContracts</a>
<div class="detailToggle" style="display:inline"><a href="javascript:toggleDisplay('com.tuttur.test.LoginTest.confirmContracts');"><span style="display:inline;" id="com.tuttur.test.LoginTest.confirmContracts-off"> + </span><span style="display:none;" id="com.tuttur.test.LoginTest.confirmContracts-on"> - </span>[ Detail ]</a></div></td>
<td>88.031</td></tr>
<tr class="a">
<td></td>
<td>Expected condition failed: waiting for text ('KULLANICI S&#xd6;ZLE&#x15e;MESI') to be present in element found by By.id: tabButtonActive (tried for 5 second(s) with 1000 milliseconds interval)
Build info: version: '3.141.59', revision: 'e82be7d358', time: '2018-11-14T08:17:03'
System info: host: 'Emre-MacBook-Pro.local', ip: 'fe80:0:0:0:1cda:8f29:7505:f9ba%en0', os.name: 'Mac OS X', os.arch: 'x86_64', os.version: '10.15.6', java.version: '15.0.1'
Driver info: org.openqa.selenium.firefox.FirefoxDriver
Capabilities {acceptInsecureCerts: true, acceptSslCerts: true, applicationCacheEnabled: false, browserConnectionEnabled: false, browserName: chrome, chrome: {chromedriverVersion: 72.0.3626.7 (efcef9a3ecda02..., userDataDir: /var/folders/1x/8x61f40j2n7...}, cssSelectorsEnabled: true, databaseEnabled: false, goog:chromeOptions: {debuggerAddress: localhost:52039}, handlesAlerts: true, hasTouchScreen: false, javascriptEnabled: true, locationContextEnabled: true, mobileEmulationEnabled: false, nativeEvents: true, networkConnectionEnabled: false, pageLoadStrategy: normal, platform: MAC, platformName: MAC, proxy: Proxy(), rotatable: false, setWindowRect: true, takesHeapSnapshot: true, takesScreenshot: true, timeouts: {implicit: 0, pageLoad: 300000, script: 30000}, unexpectedAlertBehaviour: ignore, unhandledPromptBehavior: ignore, version: 92.0.4515.159, webStorageEnabled: true}
Session ID: 1b23eb407342f49b665161fb67ac93df</td>
<td></td></tr>
<tr class="b">
<td></td>
<td>
<div id="com.tuttur.test.LoginTest.confirmContracts-error" style="display:none;">
<div>
<pre>org.openqa.selenium.TimeoutException: 
Expected condition failed: waiting for text ('KULLANICI S&#xd6;ZLE&#x15e;MESI') to be present in element found by By.id: tabButtonActive (tried for 5 second(s) with 1000 milliseconds interval)
Build info: version: '3.141.59', revision: 'e82be7d358', time: '2018-11-14T08:17:03'
System info: host: 'Emre-MacBook-Pro.local', ip: 'fe80:0:0:0:1cda:8f29:7505:f9ba%en0', os.name: 'Mac OS X', os.arch: 'x86_64', os.version: '10.15.6', java.version: '15.0.1'
Driver info: org.openqa.selenium.firefox.FirefoxDriver
Capabilities {acceptInsecureCerts: true, acceptSslCerts: true, applicationCacheEnabled: false, browserConnectionEnabled: false, browserName: chrome, chrome: {chromedriverVersion: 72.0.3626.7 (efcef9a3ecda02..., userDataDir: /var/folders/1x/8x61f40j2n7...}, cssSelectorsEnabled: true, databaseEnabled: false, goog:chromeOptions: {debuggerAddress: localhost:52039}, handlesAlerts: true, hasTouchScreen: false, javascriptEnabled: true, locationContextEnabled: true, mobileEmulationEnabled: false, nativeEvents: true, networkConnectionEnabled: false, pageLoadStrategy: normal, platform: MAC, platformName: MAC, proxy: Proxy(), rotatable: false, setWindowRect: true, takesHeapSnapshot: true, takesScreenshot: true, timeouts: {implicit: 0, pageLoad: 300000, script: 30000}, unexpectedAlertBehaviour: ignore, unhandledPromptBehavior: ignore, version: 92.0.4515.159, webStorageEnabled: true}
Session ID: 1b23eb407342f49b665161fb67ac93df
	at com.tuttur.test.LoginTest.confirmContracts(LoginTest.java:231)</pre></div></div></td>
<td></td></tr>
<tr class="a">
<td><img src="images/icon_success_sml.gif" alt="" /></td>
<td><a name="TC_com.tuttur.test.LoginTest.unsuccessfullyLoginWithSsn"></a>unsuccessfullyLoginWithSsn</td>
<td>6.002</td></tr>
<tr class="b">
<td><img src="images/icon_success_sml.gif" alt="" /></td>
<td><a name="TC_com.tuttur.test.LoginTest.unsuccessfullyLoginWithAccountNo"></a>unsuccessfullyLoginWithAccountNo</td>
<td>6.394</td></tr>
<tr class="a">
<td><img src="images/icon_success_sml.gif" alt="" /></td>
<td><a name="TC_com.tuttur.test.LoginTest.unsuccessfullyLoginWithUsername"></a>unsuccessfullyLoginWithUsername</td>
<td>5.589</td></tr>
<tr class="b">
<td><a href="#com.tuttur.test.LoginTest.confirmSingleContract"><img src="images/icon_error_sml.gif" alt="" /></a></td>
<td><a name="TC_com.tuttur.test.LoginTest.confirmSingleContract"></a><a href="#com.tuttur.test.LoginTest.confirmSingleContract">confirmSingleContract</a>
<div class="detailToggle" style="display:inline"><a href="javascript:toggleDisplay('com.tuttur.test.LoginTest.confirmSingleContract');"><span style="display:inline;" id="com.tuttur.test.LoginTest.confirmSingleContract-off"> + </span><span style="display:none;" id="com.tuttur.test.LoginTest.confirmSingleContract-on"> - </span>[ Detail ]</a></div></td>
<td>111.287</td></tr>
<tr class="a">
<td></td>
<td>no such element: Unable to locate element: {&quot;method&quot;:&quot;class name&quot;,&quot;selector&quot;:&quot;formCheckbox-checkbox&quot;}
  (Session info: chrome=92.0.4515.159)
  (Driver info: chromedriver=72.0.3626.7 (efcef9a3ecda02b2132af215116a03852d08b9cb),platform=Mac OS X 10.15.6 x86_64) (WARNING: The server did not provide any stacktrace information)
Command duration or timeout: 0 milliseconds
For documentation on this error, please visit: https://www.seleniumhq.org/exceptions/no_such_element.html
Build info: version: '3.141.59', revision: 'e82be7d358', time: '2018-11-14T08:17:03'
System info: host: 'Emre-MacBook-Pro.local', ip: 'fe80:0:0:0:1cda:8f29:7505:f9ba%en0', os.name: 'Mac OS X', os.arch: 'x86_64', os.version: '10.15.6', java.version: '15.0.1'
Driver info: org.openqa.selenium.firefox.FirefoxDriver
Capabilities {acceptInsecureCerts: true, acceptSslCerts: true, applicationCacheEnabled: false, browserConnectionEnabled: false, browserName: chrome, chrome: {chromedriverVersion: 72.0.3626.7 (efcef9a3ecda02..., userDataDir: /var/folders/1x/8x61f40j2n7...}, cssSelectorsEnabled: true, databaseEnabled: false, goog:chromeOptions: {debuggerAddress: localhost:53099}, handlesAlerts: true, hasTouchScreen: false, javascriptEnabled: true, locationContextEnabled: true, mobileEmulationEnabled: false, nativeEvents: true, networkConnectionEnabled: false, pageLoadStrategy: normal, platform: MAC, platformName: MAC, proxy: Proxy(), rotatable: false, setWindowRect: true, takesHeapSnapshot: true, takesScreenshot: true, timeouts: {implicit: 0, pageLoad: 300000, script: 30000}, unexpectedAlertBehaviour: ignore, unhandledPromptBehavior: ignore, version: 92.0.4515.159, webStorageEnabled: true}
Session ID: 04d6a5394397374a303c27808af2f2a9
*** Element info: {Using=class name, value=formCheckbox-checkbox}</td>
<td></td></tr>
<tr class="b">
<td></td>
<td>
<div id="com.tuttur.test.LoginTest.confirmSingleContract-error" style="display:none;">
<div>
<pre>org.openqa.selenium.NoSuchElementException: 
no such element: Unable to locate element: {&quot;method&quot;:&quot;class name&quot;,&quot;selector&quot;:&quot;formCheckbox-checkbox&quot;}
  (Session info: chrome=92.0.4515.159)
  (Driver info: chromedriver=72.0.3626.7 (efcef9a3ecda02b2132af215116a03852d08b9cb),platform=Mac OS X 10.15.6 x86_64) (WARNING: The server did not provide any stacktrace information)
Command duration or timeout: 0 milliseconds
For documentation on this error, please visit: https://www.seleniumhq.org/exceptions/no_such_element.html
Build info: version: '3.141.59', revision: 'e82be7d358', time: '2018-11-14T08:17:03'
System info: host: 'Emre-MacBook-Pro.local', ip: 'fe80:0:0:0:1cda:8f29:7505:f9ba%en0', os.name: 'Mac OS X', os.arch: 'x86_64', os.version: '10.15.6', java.version: '15.0.1'
Driver info: org.openqa.selenium.firefox.FirefoxDriver
Capabilities {acceptInsecureCerts: true, acceptSslCerts: true, applicationCacheEnabled: false, browserConnectionEnabled: false, browserName: chrome, chrome: {chromedriverVersion: 72.0.3626.7 (efcef9a3ecda02..., userDataDir: /var/folders/1x/8x61f40j2n7...}, cssSelectorsEnabled: true, databaseEnabled: false, goog:chromeOptions: {debuggerAddress: localhost:53099}, handlesAlerts: true, hasTouchScreen: false, javascriptEnabled: true, locationContextEnabled: true, mobileEmulationEnabled: false, nativeEvents: true, networkConnectionEnabled: false, pageLoadStrategy: normal, platform: MAC, platformName: MAC, proxy: Proxy(), rotatable: false, setWindowRect: true, takesHeapSnapshot: true, takesScreenshot: true, timeouts: {implicit: 0, pageLoad: 300000, script: 30000}, unexpectedAlertBehaviour: ignore, unhandledPromptBehavior: ignore, version: 92.0.4515.159, webStorageEnabled: true}
Session ID: 04d6a5394397374a303c27808af2f2a9
*** Element info: {Using=class name, value=formCheckbox-checkbox}
	at com.tuttur.test.LoginTest.confirmSingleContract(LoginTest.java:246)</pre></div></div></td>
<td></td></tr></table></div>
<div class="section">
<h3><a name="CampaignsTest"></a>CampaignsTest</h3><a name="com.tuttur.test.CampaignsTest"></a>
<table border="1" class="bodyTable">
<tr class="a">
<td><img src="images/icon_success_sml.gif" alt="" /></td>
<td><a name="TC_com.tuttur.test.CampaignsTest.campaignTypeFourTest"></a>campaignTypeFourTest</td>
<td>271.415</td></tr>
<tr class="b">
<td><img src="images/icon_success_sml.gif" alt="" /></td>
<td><a name="TC_com.tuttur.test.CampaignsTest.campaignTypeThreeTest"></a>campaignTypeThreeTest</td>
<td>246.657</td></tr>
<tr class="a">
<td><img src="images/icon_success_sml.gif" alt="" /></td>
<td><a name="TC_com.tuttur.test.CampaignsTest.campaignTypeSixTest"></a>campaignTypeSixTest</td>
<td>247.054</td></tr>
<tr class="b">
<td><img src="images/icon_success_sml.gif" alt="" /></td>
<td><a name="TC_com.tuttur.test.CampaignsTest.campaignTypeOneTest"></a>campaignTypeOneTest</td>
<td>248.444</td></tr>
<tr class="a">
<td><img src="images/icon_success_sml.gif" alt="" /></td>
<td><a name="TC_com.tuttur.test.CampaignsTest.campaignTypeTwoTest"></a>campaignTypeTwoTest</td>
<td>188.789</td></tr>
<tr class="b">
<td><img src="images/icon_success_sml.gif" alt="" /></td>
<td><a name="TC_com.tuttur.test.CampaignsTest.campaignTypeFiveTest"></a>campaignTypeFiveTest</td>
<td>250.156</td></tr>
<tr class="a">
<td><img src="images/icon_success_sml.gif" alt="" /></td>
<td><a name="TC_com.tuttur.test.CampaignsTest.campaignsEmptyStateTest"></a>campaignsEmptyStateTest</td>
<td>112.168</td></tr></table></div><br /></div>
<div class="section">
<h2><a name="Failure_Details"></a>Failure Details</h2><a name="Failure_Details"></a>
<p>[<a href="#Summary">Summary</a>] [<a href="#Package_List">Package List</a>] [<a href="#Test_Cases">Test Cases</a>]</p><br />
<table border="1" class="bodyTable">
<tr class="a">
<td><img src="images/icon_error_sml.gif" alt="" /></td>
<td><a name="com.tuttur.test.LoginTest.confirmContracts"></a>confirmContracts</td></tr>
<tr class="b">
<td></td>
<td>org.openqa.selenium.TimeoutException: Expected condition failed: waiting for text ('KULLANICI S&#xd6;ZLE&#x15e;MESI') to be present in element found by By.id: tabButtonActive (tried for 5 second(s) with 1000 milliseconds interval)
Build info: version: '3.141.59', revision: 'e82be7d358', time: '2018-11-14T08:17:03'
System info: host: 'Emre-MacBook-Pro.local', ip: 'fe80:0:0:0:1cda:8f29:7505:f9ba%en0', os.name: 'Mac OS X', os.arch: 'x86_64', os.version: '10.15.6', java.version: '15.0.1'
Driver info: org.openqa.selenium.firefox.FirefoxDriver
Capabilities {acceptInsecureCerts: true, acceptSslCerts: true, applicationCacheEnabled: false, browserConnectionEnabled: false, browserName: chrome, chrome: {chromedriverVersion: 72.0.3626.7 (efcef9a3ecda02..., userDataDir: /var/folders/1x/8x61f40j2n7...}, cssSelectorsEnabled: true, databaseEnabled: false, goog:chromeOptions: {debuggerAddress: localhost:52039}, handlesAlerts: true, hasTouchScreen: false, javascriptEnabled: true, locationContextEnabled: true, mobileEmulationEnabled: false, nativeEvents: true, networkConnectionEnabled: false, pageLoadStrategy: normal, platform: MAC, platformName: MAC, proxy: Proxy(), rotatable: false, setWindowRect: true, takesHeapSnapshot: true, takesScreenshot: true, timeouts: {implicit: 0, pageLoad: 300000, script: 30000}, unexpectedAlertBehaviour: ignore, unhandledPromptBehavior: ignore, version: 92.0.4515.159, webStorageEnabled: true}
Session ID: 1b23eb407342f49b665161fb67ac93df</td></tr>
<tr class="a">
<td></td>
<td>
<div id="confirmContracts-error">com.tuttur.test.LoginTest:231</div></td></tr>
<tr class="b">
<td><img src="images/icon_error_sml.gif" alt="" /></td>
<td><a name="com.tuttur.test.LoginTest.confirmSingleContract"></a>confirmSingleContract</td></tr>
<tr class="a">
<td></td>
<td>org.openqa.selenium.NoSuchElementException: no such element: Unable to locate element: {&quot;method&quot;:&quot;class name&quot;,&quot;selector&quot;:&quot;formCheckbox-checkbox&quot;}
  (Session info: chrome=92.0.4515.159)
  (Driver info: chromedriver=72.0.3626.7 (efcef9a3ecda02b2132af215116a03852d08b9cb),platform=Mac OS X 10.15.6 x86_64) (WARNING: The server did not provide any stacktrace information)
Command duration or timeout: 0 milliseconds
For documentation on this error, please visit: https://www.seleniumhq.org/exceptions/no_such_element.html
Build info: version: '3.141.59', revision: 'e82be7d358', time: '2018-11-14T08:17:03'
System info: host: 'Emre-MacBook-Pro.local', ip: 'fe80:0:0:0:1cda:8f29:7505:f9ba%en0', os.name: 'Mac OS X', os.arch: 'x86_64', os.version: '10.15.6', java.version: '15.0.1'
Driver info: org.openqa.selenium.firefox.FirefoxDriver
Capabilities {acceptInsecureCerts: true, acceptSslCerts: true, applicationCacheEnabled: false, browserConnectionEnabled: false, browserName: chrome, chrome: {chromedriverVersion: 72.0.3626.7 (efcef9a3ecda02..., userDataDir: /var/folders/1x/8x61f40j2n7...}, cssSelectorsEnabled: true, databaseEnabled: false, goog:chromeOptions: {debuggerAddress: localhost:53099}, handlesAlerts: true, hasTouchScreen: false, javascriptEnabled: true, locationContextEnabled: true, mobileEmulationEnabled: false, nativeEvents: true, networkConnectionEnabled: false, pageLoadStrategy: normal, platform: MAC, platformName: MAC, proxy: Proxy(), rotatable: false, setWindowRect: true, takesHeapSnapshot: true, takesScreenshot: true, timeouts: {implicit: 0, pageLoad: 300000, script: 30000}, unexpectedAlertBehaviour: ignore, unhandledPromptBehavior: ignore, version: 92.0.4515.159, webStorageEnabled: true}
Session ID: 04d6a5394397374a303c27808af2f2a9
*** Element info: {Using=class name, value=formCheckbox-checkbox}</td></tr>
<tr class="b">
<td></td>
<td>
<div id="confirmSingleContract-error">com.tuttur.test.LoginTest:246</div></td></tr></table><br /></div>
      </div>
    </div>
    <div class="clear">
      <hr/>
    </div>
    <div id="footer">
      <div class="xright">
        Copyright &#169;      2021.All rights reserved.      </div>
      <div class="clear">
        <hr/>
      </div>
    </div>
  </body>
</html>
